{"/home/travis/build/npmtest/node-npmtest-css-loader/test.js":{"path":"/home/travis/build/npmtest/node-npmtest-css-loader/test.js","s":{"1":2,"2":2,"3":2,"4":2,"5":2,"6":2,"7":2,"8":1,"9":2,"10":2,"11":1,"12":1,"13":1,"14":1,"15":2,"16":2,"17":2,"18":2,"19":1,"20":1,"21":2,"22":2,"23":2,"24":1,"25":1,"26":1,"27":1,"28":1,"29":1,"30":1,"31":1,"32":1,"33":1,"34":1,"35":1,"36":2,"37":2,"38":1,"39":2,"40":2,"41":1,"42":2,"43":2,"44":1,"45":1,"46":1,"47":1,"48":1},"b":{"1":[2,1,1,1],"2":[1,1,1,1],"3":[1,1],"4":[1,1],"5":[1,1],"6":[1,1],"7":[1,1],"8":[1,1],"9":[1,1,1],"10":[1,1],"11":[1,1],"12":[1,1],"13":[1,1],"14":[1,1],"15":[1,1]},"f":{"1":2,"2":2,"3":2,"4":2,"5":2,"6":1,"7":1,"8":2,"9":2,"10":2,"11":1},"fnMap":{"1":{"name":"(anonymous_1)","line":12,"loc":{"start":{"line":12,"column":1},"end":{"line":12,"column":13}}},"2":{"name":"(anonymous_2)","line":19,"loc":{"start":{"line":19,"column":5},"end":{"line":19,"column":17}}},"3":{"name":"(anonymous_3)","line":23,"loc":{"start":{"line":23,"column":24},"end":{"line":23,"column":36}}},"4":{"name":"(anonymous_4)","line":61,"loc":{"start":{"line":61,"column":5},"end":{"line":61,"column":17}}},"5":{"name":"(anonymous_5)","line":82,"loc":{"start":{"line":82,"column":5},"end":{"line":82,"column":17}}},"6":{"name":"(anonymous_6)","line":102,"loc":{"start":{"line":102,"column":83},"end":{"line":105,"column":10}},"skip":true},"7":{"name":"(anonymous_7)","line":113,"loc":{"start":{"line":113,"column":77},"end":{"line":116,"column":10}},"skip":true},"8":{"name":"(anonymous_8)","line":127,"loc":{"start":{"line":127,"column":77},"end":{"line":130,"column":10}},"skip":true},"9":{"name":"(anonymous_9)","line":138,"loc":{"start":{"line":138,"column":83},"end":{"line":141,"column":10}},"skip":true},"10":{"name":"(anonymous_10)","line":149,"loc":{"start":{"line":149,"column":79},"end":{"line":152,"column":10}},"skip":true},"11":{"name":"(anonymous_11)","line":160,"loc":{"start":{"line":160,"column":75},"end":{"line":163,"column":10}},"skip":true}},"statementMap":{"1":{"start":{"line":12,"column":0},"end":{"line":175,"column":5}},"2":{"start":{"line":14,"column":4},"end":{"line":14,"column":14}},"3":{"start":{"line":19,"column":4},"end":{"line":56,"column":9}},"4":{"start":{"line":21,"column":8},"end":{"line":21,"column":19}},"5":{"start":{"line":23,"column":8},"end":{"line":35,"column":13}},"6":{"start":{"line":24,"column":12},"end":{"line":34,"column":13}},"7":{"start":{"line":25,"column":16},"end":{"line":28,"column":30}},"8":{"start":{"line":30,"column":16},"end":{"line":33,"column":27}},"9":{"start":{"line":37,"column":8},"end":{"line":39,"column":21}},"10":{"start":{"line":40,"column":8},"end":{"line":53,"column":9}},"11":{"start":{"line":43,"column":12},"end":{"line":46,"column":14}},"12":{"start":{"line":47,"column":12},"end":{"line":47,"column":18}},"13":{"start":{"line":50,"column":12},"end":{"line":51,"column":46}},"14":{"start":{"line":52,"column":12},"end":{"line":52,"column":18}},"15":{"start":{"line":55,"column":8},"end":{"line":55,"column":35}},"16":{"start":{"line":61,"column":4},"end":{"line":63,"column":9}},"17":{"start":{"line":62,"column":8},"end":{"line":62,"column":15}},"18":{"start":{"line":64,"column":4},"end":{"line":77,"column":5}},"19":{"start":{"line":70,"column":8},"end":{"line":70,"column":14}},"20":{"start":{"line":76,"column":8},"end":{"line":76,"column":14}},"21":{"start":{"line":82,"column":4},"end":{"line":84,"column":9}},"22":{"start":{"line":83,"column":8},"end":{"line":83,"column":15}},"23":{"start":{"line":85,"column":4},"end":{"line":174,"column":5}},"24":{"start":{"line":92,"column":8},"end":{"line":94,"column":63}},"25":{"start":{"line":95,"column":8},"end":{"line":95,"column":14}},"26":{"start":{"line":102,"column":8},"end":{"line":111,"column":10},"skip":true},"27":{"start":{"line":109,"column":12},"end":{"line":109,"column":55},"skip":true},"28":{"start":{"line":110,"column":12},"end":{"line":110,"column":48},"skip":true},"29":{"start":{"line":113,"column":8},"end":{"line":125,"column":10},"skip":true},"30":{"start":{"line":120,"column":12},"end":{"line":120,"column":76},"skip":true},"31":{"start":{"line":121,"column":12},"end":{"line":121,"column":73},"skip":true},"32":{"start":{"line":122,"column":12},"end":{"line":122,"column":74},"skip":true},"33":{"start":{"line":123,"column":12},"end":{"line":123,"column":25},"skip":true},"34":{"start":{"line":124,"column":12},"end":{"line":124,"column":45},"skip":true},"35":{"start":{"line":127,"column":8},"end":{"line":136,"column":10},"skip":true},"36":{"start":{"line":134,"column":12},"end":{"line":134,"column":25},"skip":true},"37":{"start":{"line":135,"column":12},"end":{"line":135,"column":45},"skip":true},"38":{"start":{"line":138,"column":8},"end":{"line":147,"column":10},"skip":true},"39":{"start":{"line":145,"column":12},"end":{"line":145,"column":25},"skip":true},"40":{"start":{"line":146,"column":12},"end":{"line":146,"column":48},"skip":true},"41":{"start":{"line":149,"column":8},"end":{"line":158,"column":10},"skip":true},"42":{"start":{"line":156,"column":12},"end":{"line":156,"column":25},"skip":true},"43":{"start":{"line":157,"column":12},"end":{"line":157,"column":46},"skip":true},"44":{"start":{"line":160,"column":8},"end":{"line":169,"column":10},"skip":true},"45":{"start":{"line":167,"column":12},"end":{"line":167,"column":94},"skip":true},"46":{"start":{"line":168,"column":12},"end":{"line":168,"column":48},"skip":true},"47":{"start":{"line":172,"column":8},"end":{"line":172,"column":35},"skip":true},"48":{"start":{"line":173,"column":8},"end":{"line":173,"column":14},"skip":true}},"branchMap":{"1":{"line":25,"type":"binary-expr","locations":[{"start":{"line":25,"column":23},"end":{"line":25,"column":62}},{"start":{"line":26,"column":20},"end":{"line":26,"column":70}},{"start":{"line":27,"column":20},"end":{"line":27,"column":71}},{"start":{"line":28,"column":20},"end":{"line":28,"column":29}}]},"2":{"line":30,"type":"binary-expr","locations":[{"start":{"line":30,"column":23},"end":{"line":30,"column":37}},{"start":{"line":31,"column":20},"end":{"line":31,"column":61}},{"start":{"line":32,"column":20},"end":{"line":32,"column":70}},{"start":{"line":33,"column":20},"end":{"line":33,"column":26}}]},"3":{"line":37,"type":"cond-expr","locations":[{"start":{"line":38,"column":14},"end":{"line":38,"column":20}},{"start":{"line":39,"column":14},"end":{"line":39,"column":20}}]},"4":{"line":40,"type":"switch","locations":[{"start":{"line":42,"column":8},"end":{"line":47,"column":18}},{"start":{"line":49,"column":8},"end":{"line":52,"column":18}}]},"5":{"line":44,"type":"binary-expr","locations":[{"start":{"line":44,"column":16},"end":{"line":44,"column":44}},{"start":{"line":44,"column":48},"end":{"line":44,"column":66}}]},"6":{"line":50,"type":"binary-expr","locations":[{"start":{"line":50,"column":21},"end":{"line":50,"column":49}},{"start":{"line":50,"column":53},"end":{"line":50,"column":72}}]},"7":{"line":64,"type":"switch","locations":[{"start":{"line":69,"column":4},"end":{"line":70,"column":14}},{"start":{"line":75,"column":4},"end":{"line":76,"column":14}}]},"8":{"line":85,"type":"switch","locations":[{"start":{"line":90,"column":4},"end":{"line":95,"column":14}},{"start":{"line":101,"column":4},"end":{"line":173,"column":14},"skip":true}]},"9":{"line":92,"type":"binary-expr","locations":[{"start":{"line":92,"column":18},"end":{"line":92,"column":32}},{"start":{"line":93,"column":12},"end":{"line":93,"column":53}},{"start":{"line":94,"column":12},"end":{"line":94,"column":61}}]},"10":{"line":102,"type":"binary-expr","locations":[{"start":{"line":102,"column":45},"end":{"line":102,"column":79},"skip":true},{"start":{"line":102,"column":83},"end":{"line":111,"column":9},"skip":true}]},"11":{"line":113,"type":"binary-expr","locations":[{"start":{"line":113,"column":42},"end":{"line":113,"column":73},"skip":true},{"start":{"line":113,"column":77},"end":{"line":125,"column":9},"skip":true}]},"12":{"line":127,"type":"binary-expr","locations":[{"start":{"line":127,"column":42},"end":{"line":127,"column":73},"skip":true},{"start":{"line":127,"column":77},"end":{"line":136,"column":9},"skip":true}]},"13":{"line":138,"type":"binary-expr","locations":[{"start":{"line":138,"column":45},"end":{"line":138,"column":79},"skip":true},{"start":{"line":138,"column":83},"end":{"line":147,"column":9},"skip":true}]},"14":{"line":149,"type":"binary-expr","locations":[{"start":{"line":149,"column":43},"end":{"line":149,"column":75},"skip":true},{"start":{"line":149,"column":79},"end":{"line":158,"column":9},"skip":true}]},"15":{"line":160,"type":"binary-expr","locations":[{"start":{"line":160,"column":41},"end":{"line":160,"column":71},"skip":true},{"start":{"line":160,"column":75},"end":{"line":169,"column":9},"skip":true}]}},"code":["/* istanbul instrument in package npmtest_css_loader */","/*jslint","    bitwise: true,","    browser: true,","    maxerr: 8,","    maxlen: 96,","    node: true,","    nomen: true,","    regexp: true,","    stupid: true","*/","(function () {","    'use strict';","    var local;","","","","    // run shared js-env code - pre-init","    (function () {","        // init local","        local = {};","        // init modeJs","        local.modeJs = (function () {","            try {","                return typeof navigator.userAgent === 'string' &&","                    typeof document.querySelector('body') === 'object' &&","                    typeof XMLHttpRequest.prototype.open === 'function' &&","                    'browser';","            } catch (errorCaughtBrowser) {","                return module.exports &&","                    typeof process.versions.node === 'string' &&","                    typeof require('http').createServer === 'function' &&","                    'node';","            }","        }());","        // init global","        local.global = local.modeJs === 'browser'","            ? window","            : global;","        switch (local.modeJs) {","        // re-init local from window.local","        case 'browser':","            local = local.global.utility2.objectSetDefault(","                local.global.utility2_rollup || local.global.local,","                local.global.utility2","            );","            break;","        // re-init local from example.js","        case 'node':","            local = (local.global.utility2_rollup || require('utility2'))","                .requireExampleJsFromReadme();","            break;","        }","        // export local","        local.global.local = local;","    }());","","","","    // run shared js-env code - function","    (function () {","        return;","    }());","    switch (local.modeJs) {","","","","    // run browser js-env code - function","    case 'browser':","        break;","","","","    // run node js-env code - function","    case 'node':","        break;","    }","","","","    // run shared js-env code - post-init","    (function () {","        return;","    }());","    switch (local.modeJs) {","","","","    // run browser js-env code - post-init","    case 'browser':","        // run tests","        local.nop(local.modeTest &&","            document.querySelector('#testRunButton1') &&","            document.querySelector('#testRunButton1').click());","        break;","","","","    // run node js-env code - post-init","    /* istanbul ignore next */","    case 'node':","        local.testCase_buildApidoc_default = local.testCase_buildApidoc_default || function (","            options,","            onError","        ) {","        /*","         * this function will test buildApidoc's default handling-behavior-behavior","         */","            options = { modulePathList: module.paths };","            local.buildApidoc(options, onError);","        };","","        local.testCase_buildApp_default = local.testCase_buildApp_default || function (","            options,","            onError","        ) {","        /*","         * this function will test buildApp's default handling-behavior-behavior","         */","            local.testCase_buildReadme_default(options, local.onErrorThrow);","            local.testCase_buildLib_default(options, local.onErrorThrow);","            local.testCase_buildTest_default(options, local.onErrorThrow);","            options = [];","            local.buildApp(options, onError);","        };","","        local.testCase_buildLib_default = local.testCase_buildLib_default || function (","            options,","            onError","        ) {","        /*","         * this function will test buildLib's default handling-behavior","         */","            options = {};","            local.buildLib(options, onError);","        };","","        local.testCase_buildReadme_default = local.testCase_buildReadme_default || function (","            options,","            onError","        ) {","        /*","         * this function will test buildReadme's default handling-behavior-behavior","         */","            options = {};","            local.buildReadme(options, onError);","        };","","        local.testCase_buildTest_default = local.testCase_buildTest_default || function (","            options,","            onError","        ) {","        /*","         * this function will test buildTest's default handling-behavior","         */","            options = {};","            local.buildTest(options, onError);","        };","","        local.testCase_webpage_default = local.testCase_webpage_default || function (","            options,","            onError","        ) {","        /*","         * this function will test webpage's default handling-behavior","         */","            options = { modeCoverageMerge: true, url: local.serverLocalHost + '?modeTest=1' };","            local.browserTest(options, onError);","        };","","        // run test-server","        local.testRunServer(local);","        break;","    }","}());",""],"l":{"12":2,"14":2,"19":2,"21":2,"23":2,"24":2,"25":2,"30":1,"37":2,"40":2,"43":1,"47":1,"50":1,"52":1,"55":2,"61":2,"62":2,"64":2,"70":1,"76":1,"82":2,"83":2,"85":2,"92":1,"95":1,"102":1,"109":1,"110":1,"113":1,"120":1,"121":1,"122":1,"123":1,"124":1,"127":1,"134":2,"135":2,"138":1,"145":2,"146":2,"149":1,"156":2,"157":2,"160":1,"167":1,"168":1,"172":1,"173":1}},"/home/travis/build/npmtest/node-npmtest-css-loader/lib.npmtest_css_loader.js":{"path":"/home/travis/build/npmtest/node-npmtest-css-loader/lib.npmtest_css_loader.js","s":{"1":2,"2":2,"3":2,"4":2,"5":2,"6":2,"7":2,"8":1,"9":2,"10":2,"11":2,"12":2,"13":1,"14":1,"15":1,"16":1},"b":{"1":[2,1,1,1],"2":[1,1,1,1],"3":[1,1],"4":[2,2],"5":[1,1]},"f":{"1":2,"2":2,"3":2},"fnMap":{"1":{"name":"(anonymous_1)","line":12,"loc":{"start":{"line":12,"column":1},"end":{"line":12,"column":13}}},"2":{"name":"(anonymous_2)","line":19,"loc":{"start":{"line":19,"column":5},"end":{"line":19,"column":17}}},"3":{"name":"(anonymous_3)","line":23,"loc":{"start":{"line":23,"column":24},"end":{"line":23,"column":36}}}},"statementMap":{"1":{"start":{"line":12,"column":0},"end":{"line":53,"column":5}},"2":{"start":{"line":14,"column":4},"end":{"line":14,"column":14}},"3":{"start":{"line":19,"column":4},"end":{"line":52,"column":9}},"4":{"start":{"line":21,"column":8},"end":{"line":21,"column":19}},"5":{"start":{"line":23,"column":8},"end":{"line":35,"column":13}},"6":{"start":{"line":24,"column":12},"end":{"line":34,"column":13}},"7":{"start":{"line":25,"column":16},"end":{"line":28,"column":30}},"8":{"start":{"line":30,"column":16},"end":{"line":33,"column":27}},"9":{"start":{"line":37,"column":8},"end":{"line":39,"column":21}},"10":{"start":{"line":41,"column":8},"end":{"line":41,"column":54}},"11":{"start":{"line":43,"column":8},"end":{"line":43,"column":55}},"12":{"start":{"line":45,"column":8},"end":{"line":51,"column":9}},"13":{"start":{"line":46,"column":12},"end":{"line":46,"column":61}},"14":{"start":{"line":48,"column":12},"end":{"line":48,"column":35}},"15":{"start":{"line":49,"column":12},"end":{"line":49,"column":49}},"16":{"start":{"line":50,"column":12},"end":{"line":50,"column":43}}},"branchMap":{"1":{"line":25,"type":"binary-expr","locations":[{"start":{"line":25,"column":23},"end":{"line":25,"column":62}},{"start":{"line":26,"column":20},"end":{"line":26,"column":70}},{"start":{"line":27,"column":20},"end":{"line":27,"column":71}},{"start":{"line":28,"column":20},"end":{"line":28,"column":29}}]},"2":{"line":30,"type":"binary-expr","locations":[{"start":{"line":30,"column":23},"end":{"line":30,"column":37}},{"start":{"line":31,"column":20},"end":{"line":31,"column":61}},{"start":{"line":32,"column":20},"end":{"line":32,"column":70}},{"start":{"line":33,"column":20},"end":{"line":33,"column":26}}]},"3":{"line":37,"type":"cond-expr","locations":[{"start":{"line":38,"column":14},"end":{"line":38,"column":20}},{"start":{"line":39,"column":14},"end":{"line":39,"column":20}}]},"4":{"line":41,"type":"binary-expr","locations":[{"start":{"line":41,"column":16},"end":{"line":41,"column":44}},{"start":{"line":41,"column":48},"end":{"line":41,"column":53}}]},"5":{"line":45,"type":"if","locations":[{"start":{"line":45,"column":8},"end":{"line":45,"column":8}},{"start":{"line":45,"column":8},"end":{"line":45,"column":8}}]}},"code":["/* istanbul instrument in package npmtest_css_loader */","/*jslint","    bitwise: true,","    browser: true,","    maxerr: 8,","    maxlen: 96,","    node: true,","    nomen: true,","    regexp: true,","    stupid: true","*/","(function () {","    'use strict';","    var local;","","","","    // run shared js-env code - pre-init","    (function () {","        // init local","        local = {};","        // init modeJs","        local.modeJs = (function () {","            try {","                return typeof navigator.userAgent === 'string' &&","                    typeof document.querySelector('body') === 'object' &&","                    typeof XMLHttpRequest.prototype.open === 'function' &&","                    'browser';","            } catch (errorCaughtBrowser) {","                return module.exports &&","                    typeof process.versions.node === 'string' &&","                    typeof require('http').createServer === 'function' &&","                    'node';","            }","        }());","        // init global","        local.global = local.modeJs === 'browser'","            ? window","            : global;","        // init utility2_rollup","        local = local.global.utility2_rollup || local;","        // init lib","        local.local = local.npmtest_css_loader = local;","        // init exports","        if (local.modeJs === 'browser') {","            local.global.utility2_npmtest_css_loader = local;","        } else {","            module.exports = local;","            module.exports.__dirname = __dirname;","            module.exports.module = module;","        }","    }());","}());",""],"l":{"12":2,"14":2,"19":2,"21":2,"23":2,"24":2,"25":2,"30":1,"37":2,"41":2,"43":2,"45":2,"46":1,"48":1,"49":1,"50":1}},"/home/travis/build/npmtest/node-npmtest-css-loader/example.js":{"path":"/home/travis/build/npmtest/node-npmtest-css-loader/example.js","s":{"1":2,"2":2,"3":2,"4":2,"5":2,"6":2,"7":2,"8":1,"9":2,"10":2,"11":2,"12":2,"13":1,"14":2,"15":2,"16":2,"17":2,"18":2,"19":0,"20":2,"21":1,"22":1,"23":1,"24":1,"25":1,"26":0,"27":0,"28":1,"29":1,"30":2,"31":0,"32":0,"33":0,"34":1,"35":2,"36":2,"37":2,"38":2,"39":2,"40":2,"41":0,"42":2,"43":2,"44":2,"45":1,"46":3,"47":1,"48":1,"49":1,"50":1,"51":1,"52":1,"53":1,"54":1,"55":1,"56":1,"57":0,"58":1,"59":6,"60":6,"61":1,"62":2,"63":0,"64":2,"65":1,"66":1,"67":0,"68":0,"69":0,"70":0,"71":0,"72":0,"73":0,"74":0,"75":0,"76":0,"77":0,"78":0,"79":0,"80":0,"81":0,"82":0,"83":0},"b":{"1":[2,1,1,1],"2":[1,1,1,1],"3":[1,1],"4":[2,2],"5":[1,1],"6":[1,1],"7":[2,0],"8":[2,1,1,1,1,1],"9":[0,2,0],"10":[1,1],"11":[2,1,1],"12":[1,0],"13":[0,2],"14":[2,0,0,0,0,0,0],"15":[0,2],"16":[2,0],"17":[1,1],"18":[0,1],"19":[1,2,0,2],"20":[1,0],"21":[1,1],"22":[0,0],"23":[0,0],"24":[0,0],"25":[0,0],"26":[0,0],"27":[0,0],"28":[0,0]},"f":{"1":2,"2":2,"3":2,"4":2,"5":2,"6":2,"7":2,"8":2,"9":3,"10":1,"11":6,"12":0},"fnMap":{"1":{"name":"(anonymous_1)","line":26,"loc":{"start":{"line":26,"column":1},"end":{"line":26,"column":13}}},"2":{"name":"(anonymous_2)","line":33,"loc":{"start":{"line":33,"column":5},"end":{"line":33,"column":17}}},"3":{"name":"(anonymous_3)","line":37,"loc":{"start":{"line":37,"column":24},"end":{"line":37,"column":36}}},"4":{"name":"(anonymous_4)","line":69,"loc":{"start":{"line":69,"column":31},"end":{"line":69,"column":48}},"skip":true},"5":{"name":"(anonymous_5)","line":78,"loc":{"start":{"line":78,"column":26},"end":{"line":78,"column":45}},"skip":true},"6":{"name":"(anonymous_6)","line":123,"loc":{"start":{"line":123,"column":33},"end":{"line":123,"column":48}},"skip":true},"7":{"name":"(anonymous_7)","line":125,"loc":{"start":{"line":125,"column":27},"end":{"line":125,"column":39}},"skip":true},"8":{"name":"(anonymous_8)","line":133,"loc":{"start":{"line":133,"column":59},"end":{"line":133,"column":74}},"skip":true},"9":{"name":"(anonymous_9)","line":143,"loc":{"start":{"line":143,"column":45},"end":{"line":143,"column":62}},"skip":true},"10":{"name":"(anonymous_10)","line":144,"loc":{"start":{"line":144,"column":73},"end":{"line":144,"column":92}},"skip":true},"11":{"name":"(anonymous_11)","line":272,"loc":{"start":{"line":272,"column":51},"end":{"line":272,"column":77}},"skip":true},"12":{"name":"(anonymous_12)","line":314,"loc":{"start":{"line":314,"column":32},"end":{"line":314,"column":61}},"skip":true}},"statementMap":{"1":{"start":{"line":26,"column":0},"end":{"line":325,"column":5}},"2":{"start":{"line":28,"column":4},"end":{"line":28,"column":14}},"3":{"start":{"line":33,"column":4},"end":{"line":60,"column":9}},"4":{"start":{"line":35,"column":8},"end":{"line":35,"column":19}},"5":{"start":{"line":37,"column":8},"end":{"line":49,"column":13}},"6":{"start":{"line":38,"column":12},"end":{"line":48,"column":13}},"7":{"start":{"line":39,"column":16},"end":{"line":42,"column":30}},"8":{"start":{"line":44,"column":16},"end":{"line":47,"column":27}},"9":{"start":{"line":51,"column":8},"end":{"line":53,"column":21}},"10":{"start":{"line":55,"column":8},"end":{"line":57,"column":45}},"11":{"start":{"line":59,"column":8},"end":{"line":59,"column":35}},"12":{"start":{"line":61,"column":4},"end":{"line":324,"column":5}},"13":{"start":{"line":69,"column":8},"end":{"line":121,"column":10},"skip":true},"14":{"start":{"line":70,"column":12},"end":{"line":88,"column":13},"skip":true},"15":{"start":{"line":76,"column":16},"end":{"line":87,"column":19},"skip":true},"16":{"start":{"line":79,"column":20},"end":{"line":86,"column":21},"skip":true},"17":{"start":{"line":82,"column":24},"end":{"line":82,"column":43},"skip":true},"18":{"start":{"line":83,"column":24},"end":{"line":83,"column":30},"skip":true},"19":{"start":{"line":85,"column":24},"end":{"line":85,"column":49},"skip":true},"20":{"start":{"line":89,"column":12},"end":{"line":107,"column":13},"skip":true},"21":{"start":{"line":92,"column":16},"end":{"line":102,"column":17},"skip":true},"22":{"start":{"line":93,"column":20},"end":{"line":93,"column":86},"skip":true},"23":{"start":{"line":94,"column":20},"end":{"line":95,"column":45},"skip":true},"24":{"start":{"line":96,"column":20},"end":{"line":96,"column":42},"skip":true},"25":{"start":{"line":97,"column":20},"end":{"line":97,"column":48},"skip":true},"26":{"start":{"line":100,"column":20},"end":{"line":100,"column":85},"skip":true},"27":{"start":{"line":101,"column":20},"end":{"line":101,"column":96},"skip":true},"28":{"start":{"line":103,"column":16},"end":{"line":103,"column":22},"skip":true},"29":{"start":{"line":106,"column":16},"end":{"line":106,"column":22},"skip":true},"30":{"start":{"line":108,"column":12},"end":{"line":120,"column":13},"skip":true},"31":{"start":{"line":114,"column":16},"end":{"line":119,"column":17},"skip":true},"32":{"start":{"line":116,"column":20},"end":{"line":116,"column":78},"skip":true},"33":{"start":{"line":118,"column":20},"end":{"line":118,"column":53},"skip":true},"34":{"start":{"line":123,"column":8},"end":{"line":141,"column":11},"skip":true},"35":{"start":{"line":124,"column":12},"end":{"line":124,"column":54},"skip":true},"36":{"start":{"line":125,"column":12},"end":{"line":140,"column":14},"skip":true},"37":{"start":{"line":126,"column":16},"end":{"line":126,"column":28},"skip":true},"38":{"start":{"line":127,"column":16},"end":{"line":127,"column":69},"skip":true},"39":{"start":{"line":128,"column":16},"end":{"line":128,"column":75},"skip":true},"40":{"start":{"line":129,"column":16},"end":{"line":131,"column":17},"skip":true},"41":{"start":{"line":130,"column":20},"end":{"line":130,"column":27},"skip":true},"42":{"start":{"line":133,"column":16},"end":{"line":137,"column":36},"skip":true},"43":{"start":{"line":134,"column":20},"end":{"line":136,"column":55},"skip":true},"44":{"start":{"line":139,"column":16},"end":{"line":139,"column":57},"skip":true},"45":{"start":{"line":143,"column":8},"end":{"line":147,"column":11},"skip":true},"46":{"start":{"line":144,"column":12},"end":{"line":146,"column":15},"skip":true},"47":{"start":{"line":145,"column":16},"end":{"line":145,"column":70},"skip":true},"48":{"start":{"line":149,"column":8},"end":{"line":149,"column":31},"skip":true},"49":{"start":{"line":150,"column":8},"end":{"line":150,"column":14},"skip":true},"50":{"start":{"line":158,"column":8},"end":{"line":158,"column":31},"skip":true},"51":{"start":{"line":160,"column":8},"end":{"line":160,"column":33},"skip":true},"52":{"start":{"line":161,"column":8},"end":{"line":161,"column":37},"skip":true},"53":{"start":{"line":162,"column":8},"end":{"line":162,"column":35},"skip":true},"54":{"start":{"line":164,"column":8},"end":{"line":164,"column":50},"skip":true},"55":{"start":{"line":166,"column":8},"end":{"line":256,"column":2},"skip":true},"56":{"start":{"line":258,"column":8},"end":{"line":286,"column":9},"skip":true},"57":{"start":{"line":259,"column":12},"end":{"line":269,"column":14},"skip":true},"58":{"start":{"line":271,"column":12},"end":{"line":285,"column":19},"skip":true},"59":{"start":{"line":274,"column":20},"end":{"line":274,"column":35},"skip":true},"60":{"start":{"line":275,"column":20},"end":{"line":284,"column":21},"skip":true},"61":{"start":{"line":277,"column":24},"end":{"line":277,"column":64},"skip":true},"62":{"start":{"line":279,"column":24},"end":{"line":279,"column":40},"skip":true},"63":{"start":{"line":281,"column":24},"end":{"line":281,"column":40},"skip":true},"64":{"start":{"line":283,"column":24},"end":{"line":283,"column":39},"skip":true},"65":{"start":{"line":288,"column":8},"end":{"line":290,"column":9},"skip":true},"66":{"start":{"line":289,"column":12},"end":{"line":289,"column":18},"skip":true},"67":{"start":{"line":291,"column":8},"end":{"line":293,"column":54},"skip":true},"68":{"start":{"line":294,"column":8},"end":{"line":301,"column":37},"skip":true},"69":{"start":{"line":302,"column":8},"end":{"line":302,"column":82},"skip":true},"70":{"start":{"line":305,"column":8},"end":{"line":307,"column":9},"skip":true},"71":{"start":{"line":306,"column":12},"end":{"line":306,"column":82},"skip":true},"72":{"start":{"line":309,"column":8},"end":{"line":311,"column":9},"skip":true},"73":{"start":{"line":310,"column":12},"end":{"line":310,"column":18},"skip":true},"74":{"start":{"line":312,"column":8},"end":{"line":312,"column":54},"skip":true},"75":{"start":{"line":313,"column":8},"end":{"line":313,"column":69},"skip":true},"76":{"start":{"line":314,"column":8},"end":{"line":322,"column":36},"skip":true},"77":{"start":{"line":315,"column":12},"end":{"line":315,"column":61},"skip":true},"78":{"start":{"line":316,"column":12},"end":{"line":319,"column":13},"skip":true},"79":{"start":{"line":317,"column":16},"end":{"line":317,"column":75},"skip":true},"80":{"start":{"line":318,"column":16},"end":{"line":318,"column":23},"skip":true},"81":{"start":{"line":320,"column":12},"end":{"line":320,"column":38},"skip":true},"82":{"start":{"line":321,"column":12},"end":{"line":321,"column":27},"skip":true},"83":{"start":{"line":323,"column":8},"end":{"line":323,"column":14},"skip":true}},"branchMap":{"1":{"line":39,"type":"binary-expr","locations":[{"start":{"line":39,"column":23},"end":{"line":39,"column":62}},{"start":{"line":40,"column":20},"end":{"line":40,"column":70}},{"start":{"line":41,"column":20},"end":{"line":41,"column":71}},{"start":{"line":42,"column":20},"end":{"line":42,"column":29}}]},"2":{"line":44,"type":"binary-expr","locations":[{"start":{"line":44,"column":23},"end":{"line":44,"column":37}},{"start":{"line":45,"column":20},"end":{"line":45,"column":61}},{"start":{"line":46,"column":20},"end":{"line":46,"column":70}},{"start":{"line":47,"column":20},"end":{"line":47,"column":26}}]},"3":{"line":51,"type":"cond-expr","locations":[{"start":{"line":52,"column":14},"end":{"line":52,"column":20}},{"start":{"line":53,"column":14},"end":{"line":53,"column":20}}]},"4":{"line":55,"type":"binary-expr","locations":[{"start":{"line":55,"column":16},"end":{"line":55,"column":44}},{"start":{"line":55,"column":49},"end":{"line":57,"column":43}}]},"5":{"line":55,"type":"cond-expr","locations":[{"start":{"line":56,"column":14},"end":{"line":56,"column":54}},{"start":{"line":57,"column":14},"end":{"line":57,"column":43}}]},"6":{"line":61,"type":"switch","locations":[{"start":{"line":68,"column":4},"end":{"line":150,"column":14},"skip":true},{"start":{"line":156,"column":4},"end":{"line":323,"column":14},"skip":true}]},"7":{"line":70,"type":"if","locations":[{"start":{"line":70,"column":12},"end":{"line":70,"column":12},"skip":true},{"start":{"line":70,"column":12},"end":{"line":70,"column":12},"skip":true}]},"8":{"line":70,"type":"binary-expr","locations":[{"start":{"line":70,"column":16},"end":{"line":70,"column":22},"skip":true},{"start":{"line":70,"column":27},"end":{"line":70,"column":32},"skip":true},{"start":{"line":71,"column":20},"end":{"line":71,"column":39},"skip":true},{"start":{"line":72,"column":20},"end":{"line":72,"column":49},"skip":true},{"start":{"line":73,"column":20},"end":{"line":73,"column":58},"skip":true},{"start":{"line":74,"column":20},"end":{"line":74,"column":69},"skip":true}]},"9":{"line":79,"type":"switch","locations":[{"start":{"line":80,"column":20},"end":{"line":80,"column":33},"skip":true},{"start":{"line":81,"column":20},"end":{"line":83,"column":30},"skip":true},{"start":{"line":84,"column":20},"end":{"line":85,"column":49},"skip":true}]},"10":{"line":89,"type":"switch","locations":[{"start":{"line":90,"column":12},"end":{"line":103,"column":22},"skip":true},{"start":{"line":105,"column":12},"end":{"line":106,"column":22},"skip":true}]},"11":{"line":89,"type":"binary-expr","locations":[{"start":{"line":89,"column":20},"end":{"line":89,"column":25},"skip":true},{"start":{"line":89,"column":29},"end":{"line":89,"column":48},"skip":true},{"start":{"line":89,"column":52},"end":{"line":89,"column":74},"skip":true}]},"12":{"line":92,"type":"if","locations":[{"start":{"line":92,"column":16},"end":{"line":92,"column":16},"skip":true},{"start":{"line":92,"column":16},"end":{"line":92,"column":16},"skip":true}]},"13":{"line":108,"type":"if","locations":[{"start":{"line":108,"column":12},"end":{"line":108,"column":12},"skip":true},{"start":{"line":108,"column":12},"end":{"line":108,"column":12},"skip":true}]},"14":{"line":108,"type":"binary-expr","locations":[{"start":{"line":108,"column":16},"end":{"line":108,"column":61},"skip":true},{"start":{"line":108,"column":66},"end":{"line":108,"column":72},"skip":true},{"start":{"line":108,"column":77},"end":{"line":108,"column":82},"skip":true},{"start":{"line":109,"column":20},"end":{"line":109,"column":39},"skip":true},{"start":{"line":110,"column":20},"end":{"line":110,"column":49},"skip":true},{"start":{"line":111,"column":20},"end":{"line":111,"column":58},"skip":true},{"start":{"line":112,"column":20},"end":{"line":112,"column":68},"skip":true}]},"15":{"line":129,"type":"if","locations":[{"start":{"line":129,"column":16},"end":{"line":129,"column":16},"skip":true},{"start":{"line":129,"column":16},"end":{"line":129,"column":16},"skip":true}]},"16":{"line":134,"type":"cond-expr","locations":[{"start":{"line":135,"column":26},"end":{"line":135,"column":29},"skip":true},{"start":{"line":136,"column":26},"end":{"line":136,"column":54},"skip":true}]},"17":{"line":164,"type":"binary-expr","locations":[{"start":{"line":164,"column":27},"end":{"line":164,"column":43},"skip":true},{"start":{"line":164,"column":47},"end":{"line":164,"column":49},"skip":true}]},"18":{"line":258,"type":"if","locations":[{"start":{"line":258,"column":8},"end":{"line":258,"column":8},"skip":true},{"start":{"line":258,"column":8},"end":{"line":258,"column":8},"skip":true}]},"19":{"line":275,"type":"switch","locations":[{"start":{"line":276,"column":20},"end":{"line":277,"column":64},"skip":true},{"start":{"line":278,"column":20},"end":{"line":279,"column":40},"skip":true},{"start":{"line":280,"column":20},"end":{"line":281,"column":40},"skip":true},{"start":{"line":282,"column":20},"end":{"line":283,"column":39},"skip":true}]},"20":{"line":288,"type":"if","locations":[{"start":{"line":288,"column":8},"end":{"line":288,"column":8},"skip":true},{"start":{"line":288,"column":8},"end":{"line":288,"column":8},"skip":true}]},"21":{"line":288,"type":"binary-expr","locations":[{"start":{"line":288,"column":12},"end":{"line":288,"column":40},"skip":true},{"start":{"line":288,"column":44},"end":{"line":288,"column":67},"skip":true}]},"22":{"line":292,"type":"binary-expr","locations":[{"start":{"line":292,"column":12},"end":{"line":292,"column":50},"skip":true},{"start":{"line":293,"column":12},"end":{"line":293,"column":53},"skip":true}]},"23":{"line":295,"type":"binary-expr","locations":[{"start":{"line":295,"column":12},"end":{"line":295,"column":68},"skip":true},{"start":{"line":296,"column":12},"end":{"line":301,"column":36},"skip":true}]},"24":{"line":302,"type":"binary-expr","locations":[{"start":{"line":302,"column":43},"end":{"line":302,"column":75},"skip":true},{"start":{"line":302,"column":79},"end":{"line":302,"column":81},"skip":true}]},"25":{"line":305,"type":"if","locations":[{"start":{"line":305,"column":8},"end":{"line":305,"column":8},"skip":true},{"start":{"line":305,"column":8},"end":{"line":305,"column":8},"skip":true}]},"26":{"line":309,"type":"if","locations":[{"start":{"line":309,"column":8},"end":{"line":309,"column":8},"skip":true},{"start":{"line":309,"column":8},"end":{"line":309,"column":8},"skip":true}]},"27":{"line":312,"type":"binary-expr","locations":[{"start":{"line":312,"column":27},"end":{"line":312,"column":43},"skip":true},{"start":{"line":312,"column":47},"end":{"line":312,"column":53},"skip":true}]},"28":{"line":316,"type":"if","locations":[{"start":{"line":316,"column":12},"end":{"line":316,"column":12},"skip":true},{"start":{"line":316,"column":12},"end":{"line":316,"column":12},"skip":true}]}},"code":["/*","example.js","","quickstart example","","instruction","    1. save this script as example.js","    2. run the shell command:","        $ npm install npmtest-css-loader && PORT=8081 node example.js","    3. play with the browser-demo on http://127.0.0.1:8081","*/","","","","/* istanbul instrument in package npmtest_css_loader */","/*jslint","    bitwise: true,","    browser: true,","    maxerr: 8,","    maxlen: 96,","    node: true,","    nomen: true,","    regexp: true,","    stupid: true","*/","(function () {","    'use strict';","    var local;","","","","    // run shared js-env code - pre-init","    (function () {","        // init local","        local = {};","        // init modeJs","        local.modeJs = (function () {","            try {","                return typeof navigator.userAgent === 'string' &&","                    typeof document.querySelector('body') === 'object' &&","                    typeof XMLHttpRequest.prototype.open === 'function' &&","                    'browser';","            } catch (errorCaughtBrowser) {","                return module.exports &&","                    typeof process.versions.node === 'string' &&","                    typeof require('http').createServer === 'function' &&","                    'node';","            }","        }());","        // init global","        local.global = local.modeJs === 'browser'","            ? window","            : global;","        // init utility2_rollup","        local = local.global.utility2_rollup || (local.modeJs === 'browser'","            ? local.global.utility2_npmtest_css_loader","            : global.utility2_moduleExports);","        // export local","        local.global.local = local;","    }());","    switch (local.modeJs) {","","","","    // post-init","    // run browser js-env code - post-init","    /* istanbul ignore next */","    case 'browser':","        local.testRunBrowser = function (event) {","            if (!event || (event &&","                    event.currentTarget &&","                    event.currentTarget.className &&","                    event.currentTarget.className.includes &&","                    event.currentTarget.className.includes('onreset'))) {","                // reset output","                Array.from(","                    document.querySelectorAll('body > .resettable')","                ).forEach(function (element) {","                    switch (element.tagName) {","                    case 'INPUT':","                    case 'TEXTAREA':","                        element.value = '';","                        break;","                    default:","                        element.textContent = '';","                    }","                });","            }","            switch (event && event.currentTarget && event.currentTarget.id) {","            case 'testRunButton1':","                // show tests","                if (document.querySelector('#testReportDiv1').style.display === 'none') {","                    document.querySelector('#testReportDiv1').style.display = 'block';","                    document.querySelector('#testRunButton1').textContent =","                        'hide internal test';","                    local.modeTest = true;","                    local.testRunDefault(local);","                // hide tests","                } else {","                    document.querySelector('#testReportDiv1').style.display = 'none';","                    document.querySelector('#testRunButton1').textContent = 'run internal test';","                }","                break;","            // custom-case","            default:","                break;","            }","            if (document.querySelector('#inputTextareaEval1') && (!event || (event &&","                    event.currentTarget &&","                    event.currentTarget.className &&","                    event.currentTarget.className.includes &&","                    event.currentTarget.className.includes('oneval')))) {","                // try to eval input-code","                try {","                    /*jslint evil: true*/","                    eval(document.querySelector('#inputTextareaEval1').value);","                } catch (errorCaught) {","                    console.error(errorCaught.stack);","                }","            }","        };","        // log stderr and stdout to #outputTextareaStdout1","        ['error', 'log'].forEach(function (key) {","            console[key + '_original'] = console[key];","            console[key] = function () {","                var element;","                console[key + '_original'].apply(console, arguments);","                element = document.querySelector('#outputTextareaStdout1');","                if (!element) {","                    return;","                }","                // append text to #outputTextareaStdout1","                element.value += Array.from(arguments).map(function (arg) {","                    return typeof arg === 'string'","                        ? arg","                        : JSON.stringify(arg, null, 4);","                }).join(' ') + '\\n';","                // scroll textarea to bottom","                element.scrollTop = element.scrollHeight;","            };","        });","        // init event-handling","        ['change', 'click', 'keyup'].forEach(function (event) {","            Array.from(document.querySelectorAll('.on' + event)).forEach(function (element) {","                element.addEventListener(event, local.testRunBrowser);","            });","        });","        // run tests","        local.testRunBrowser();","        break;","","","","    // run node js-env code - post-init","    /* istanbul ignore next */","    case 'node':","        // export local","        module.exports = local;","        // require modules","        local.fs = require('fs');","        local.http = require('http');","        local.url = require('url');","        // init assets","        local.assetsDict = local.assetsDict || {};","        /* jslint-ignore-begin */","        local.assetsDict['/assets.index.template.html'] = '\\","<!doctype html>\\n\\","<html lang=\"en\">\\n\\","<head>\\n\\","<meta charset=\"UTF-8\">\\n\\","<meta name=\"viewport\" content=\"width=device-width, initial-scale=1\">\\n\\","<title>{{env.npm_package_name}} (v{{env.npm_package_version}})</title>\\n\\","<style>\\n\\","/*csslint\\n\\","    box-sizing: false,\\n\\","    universal-selector: false\\n\\","*/\\n\\","* {\\n\\","    box-sizing: border-box;\\n\\","}\\n\\","body {\\n\\","    background: #dde;\\n\\","    font-family: Arial, Helvetica, sans-serif;\\n\\","    margin: 2rem;\\n\\","}\\n\\","body > * {\\n\\","    margin-bottom: 1rem;\\n\\","}\\n\\",".utility2FooterDiv {\\n\\","    margin-top: 20px;\\n\\","    text-align: center;\\n\\","}\\n\\","</style>\\n\\","<style>\\n\\","/*csslint\\n\\","*/\\n\\","textarea {\\n\\","    font-family: monospace;\\n\\","    height: 10rem;\\n\\","    width: 100%;\\n\\","}\\n\\","textarea[readonly] {\\n\\","    background: #ddd;\\n\\","}\\n\\","</style>\\n\\","</head>\\n\\","<body>\\n\\","<!-- utility2-comment\\n\\","<div id=\"ajaxProgressDiv1\" style=\"background: #d00; height: 2px; left: 0; margin: 0; padding: 0; position: fixed; top: 0; transition: background 0.5s, width 1.5s; width: 25%;\"></div>\\n\\","utility2-comment -->\\n\\","<h1>\\n\\","<!-- utility2-comment\\n\\","    <a\\n\\","        {{#if env.npm_package_homepage}}\\n\\","        href=\"{{env.npm_package_homepage}}\"\\n\\","        {{/if env.npm_package_homepage}}\\n\\","        target=\"_blank\"\\n\\","    >\\n\\","utility2-comment -->\\n\\","        {{env.npm_package_name}} (v{{env.npm_package_version}})\\n\\","<!-- utility2-comment\\n\\","    </a>\\n\\","utility2-comment -->\\n\\","</h1>\\n\\","<h3>{{env.npm_package_description}}</h3>\\n\\","<!-- utility2-comment\\n\\","<h4><a download href=\"assets.app.js\">download standalone app</a></h4>\\n\\","<button class=\"onclick onreset\" id=\"testRunButton1\">run internal test</button><br>\\n\\","<div id=\"testReportDiv1\" style=\"display: none;\"></div>\\n\\","utility2-comment -->\\n\\","\\n\\","\\n\\","\\n\\","<label>stderr and stdout</label>\\n\\","<textarea class=\"resettable\" id=\"outputTextareaStdout1\" readonly></textarea>\\n\\","<!-- utility2-comment\\n\\","{{#if isRollup}}\\n\\","<script src=\"assets.app.js\"></script>\\n\\","{{#unless isRollup}}\\n\\","utility2-comment -->\\n\\","<script src=\"assets.utility2.rollup.js\"></script>\\n\\","<script src=\"jsonp.utility2._stateInit?callback=window.utility2._stateInit\"></script>\\n\\","<script src=\"assets.npmtest_css_loader.rollup.js\"></script>\\n\\","<script src=\"assets.example.js\"></script>\\n\\","<script src=\"assets.test.js\"></script>\\n\\","<!-- utility2-comment\\n\\","{{/if isRollup}}\\n\\","utility2-comment -->\\n\\","<div class=\"utility2FooterDiv\">\\n\\","    [ this app was created with\\n\\","    <a href=\"https://github.com/kaizhu256/node-utility2\" target=\"_blank\">utility2</a>\\n\\","    ]\\n\\","</div>\\n\\","</body>\\n\\","</html>\\n\\","';","        /* jslint-ignore-end */","        if (local.templateRender) {","            local.assetsDict['/'] = local.templateRender(","                local.assetsDict['/assets.index.template.html'],","                {","                    env: local.objectSetDefault(local.env, {","                        npm_package_description: 'the greatest app in the world!',","                        npm_package_name: 'my-app',","                        npm_package_nameAlias: 'my_app',","                        npm_package_version: '0.0.1'","                    })","                }","            );","        } else {","            local.assetsDict['/'] = local.assetsDict['/assets.index.template.html']","                .replace((/\\{\\{env\\.(\\w+?)\\}\\}/g), function (match0, match1) {","                    // jslint-hack","                    String(match0);","                    switch (match1) {","                    case 'npm_package_description':","                        return 'the greatest app in the world!';","                    case 'npm_package_name':","                        return 'my-app';","                    case 'npm_package_nameAlias':","                        return 'my_app';","                    case 'npm_package_version':","                        return '0.0.1';","                    }","                });","        }","        // run the cli","        if (local.global.utility2_rollup || module !== require.main) {","            break;","        }","        local.assetsDict['/assets.example.js'] =","            local.assetsDict['/assets.example.js'] ||","            local.fs.readFileSync(__filename, 'utf8');","        local.assetsDict['/assets.npmtest_css_loader.rollup.js'] =","            local.assetsDict['/assets.npmtest_css_loader.rollup.js'] ||","            local.fs.readFileSync(","                // buildCustomOrg-hack","                local.npmtest_css_loader.__dirname +","                    '/lib.npmtest_css_loader.js',","                'utf8'","            ).replace((/^#!/), '//');","        local.assetsDict['/favicon.ico'] = local.assetsDict['/favicon.ico'] || '';","        // if $npm_config_timeout_exit exists,","        // then exit this process after $npm_config_timeout_exit ms","        if (Number(process.env.npm_config_timeout_exit)) {","            setTimeout(process.exit, Number(process.env.npm_config_timeout_exit));","        }","        // start server","        if (local.global.utility2_serverHttp1) {","            break;","        }","        process.env.PORT = process.env.PORT || '8081';","        console.error('server starting on port ' + process.env.PORT);","        local.http.createServer(function (request, response) {","            request.urlParsed = local.url.parse(request.url);","            if (local.assetsDict[request.urlParsed.pathname] !== undefined) {","                response.end(local.assetsDict[request.urlParsed.pathname]);","                return;","            }","            response.statusCode = 404;","            response.end();","        }).listen(process.env.PORT);","        break;","    }","}());",""],"l":{"26":2,"28":2,"33":2,"35":2,"37":2,"38":2,"39":2,"44":1,"51":2,"55":2,"59":2,"61":2,"69":1,"70":2,"76":2,"79":2,"82":2,"83":2,"85":1,"89":2,"92":1,"93":1,"94":1,"96":1,"97":1,"100":1,"101":1,"103":1,"106":1,"108":2,"114":1,"116":1,"118":1,"123":1,"124":2,"125":2,"126":2,"127":2,"128":2,"129":2,"130":1,"133":2,"134":2,"139":2,"143":1,"144":3,"145":1,"149":1,"150":1,"158":1,"160":1,"161":1,"162":1,"164":1,"166":1,"258":1,"259":1,"271":1,"274":6,"275":6,"277":1,"279":2,"281":1,"283":2,"288":1,"289":1,"291":1,"294":1,"302":1,"305":1,"306":1,"309":1,"310":1,"312":1,"313":1,"314":1,"315":1,"316":1,"317":1,"318":1,"320":1,"321":1,"323":1}},"/home/travis/build/npmtest/node-npmtest-css-loader/css-loader/index.js":{"path":"/home/travis/build/npmtest/node-npmtest-css-loader/css-loader/index.js","s":{"1":1},"b":{},"f":{},"fnMap":{},"statementMap":{"1":{"start":{"line":5,"column":0},"end":{"line":5,"column":41}}},"branchMap":{},"code":["/*","\tMIT License http://www.opensource.org/licenses/mit-license.php","\tAuthor Tobias Koppers @sokra","*/","module.exports = require(\"./lib/loader\");",""],"l":{"5":1}},"/home/travis/build/npmtest/node-npmtest-css-loader/css-loader/lib/loader.js":{"path":"/home/travis/build/npmtest/node-npmtest-css-loader/css-loader/lib/loader.js","s":{"1":1,"2":1,"3":1,"4":1,"5":1,"6":1,"7":0,"8":0,"9":0,"10":0,"11":0,"12":0,"13":0,"14":0,"15":0,"16":0,"17":0,"18":0,"19":0,"20":0,"21":0,"22":0,"23":0,"24":0,"25":0,"26":0,"27":0,"28":0,"29":0,"30":0,"31":0,"32":0,"33":1,"34":0,"35":0,"36":0,"37":0,"38":0,"39":0,"40":0,"41":0,"42":0,"43":0,"44":0,"45":0,"46":0,"47":0,"48":0,"49":0,"50":0,"51":0,"52":0,"53":0,"54":0,"55":0,"56":0,"57":0,"58":0,"59":0,"60":0,"61":0,"62":0,"63":0,"64":0,"65":0,"66":0,"67":0,"68":0,"69":0},"b":{"1":[0,0],"2":[0,0],"3":[0,0],"4":[0,0],"5":[0,0],"6":[0,0],"7":[0,0],"8":[0,0],"9":[0,0],"10":[0,0],"11":[0,0],"12":[0,0],"13":[0,0],"14":[0,0],"15":[0,0],"16":[0,0],"17":[0,0],"18":[0,0]},"f":{"1":0,"2":0,"3":0,"4":0,"5":0,"6":0,"7":0},"fnMap":{"1":{"name":"(anonymous_1)","line":12,"loc":{"start":{"line":12,"column":17},"end":{"line":12,"column":40}}},"2":{"name":"(anonymous_2)","line":32,"loc":{"start":{"line":32,"column":4},"end":{"line":32,"column":26}}},"3":{"name":"(anonymous_3)","line":41,"loc":{"start":{"line":41,"column":43},"end":{"line":41,"column":57}}},"4":{"name":"(anonymous_4)","line":48,"loc":{"start":{"line":48,"column":9},"end":{"line":48,"column":23}}},"5":{"name":"importItemMatcher","line":59,"loc":{"start":{"line":59,"column":2},"end":{"line":59,"column":35}}},"6":{"name":"(anonymous_6)","line":70,"loc":{"start":{"line":70,"column":60},"end":{"line":70,"column":75}}},"7":{"name":"(anonymous_7)","line":100,"loc":{"start":{"line":100,"column":34},"end":{"line":100,"column":51}}}},"statementMap":{"1":{"start":{"line":5,"column":0},"end":{"line":5,"column":42}},"2":{"start":{"line":6,"column":0},"end":{"line":6,"column":41}},"3":{"start":{"line":7,"column":0},"end":{"line":7,"column":51}},"4":{"start":{"line":8,"column":0},"end":{"line":8,"column":50}},"5":{"start":{"line":9,"column":0},"end":{"line":9,"column":49}},"6":{"start":{"line":12,"column":0},"end":{"line":123,"column":2}},"7":{"start":{"line":13,"column":1},"end":{"line":13,"column":37}},"8":{"start":{"line":13,"column":20},"end":{"line":13,"column":37}},"9":{"start":{"line":14,"column":1},"end":{"line":14,"column":29}},"10":{"start":{"line":15,"column":1},"end":{"line":15,"column":48}},"11":{"start":{"line":16,"column":1},"end":{"line":16,"column":23}},"12":{"start":{"line":17,"column":1},"end":{"line":17,"column":48}},"13":{"start":{"line":18,"column":1},"end":{"line":18,"column":56}},"14":{"start":{"line":19,"column":1},"end":{"line":19,"column":43}},"15":{"start":{"line":21,"column":1},"end":{"line":23,"column":2}},"16":{"start":{"line":22,"column":2},"end":{"line":22,"column":28}},"17":{"start":{"line":25,"column":1},"end":{"line":122,"column":15}},"18":{"start":{"line":33,"column":2},"end":{"line":33,"column":31}},"19":{"start":{"line":33,"column":10},"end":{"line":33,"column":31}},"20":{"start":{"line":35,"column":2},"end":{"line":35,"column":50}},"21":{"start":{"line":38,"column":2},"end":{"line":38,"column":53}},"22":{"start":{"line":40,"column":2},"end":{"line":40,"column":27}},"23":{"start":{"line":41,"column":2},"end":{"line":57,"column":22}},"24":{"start":{"line":42,"column":3},"end":{"line":46,"column":4}},"25":{"start":{"line":43,"column":4},"end":{"line":44,"column":18}},"26":{"start":{"line":44,"column":5},"end":{"line":44,"column":18}},"27":{"start":{"line":45,"column":4},"end":{"line":45,"column":36}},"28":{"start":{"line":47,"column":3},"end":{"line":47,"column":15}},"29":{"start":{"line":49,"column":3},"end":{"line":56,"column":4}},"30":{"start":{"line":50,"column":4},"end":{"line":52,"column":44}},"31":{"start":{"line":54,"column":4},"end":{"line":54,"column":46}},"32":{"start":{"line":55,"column":4},"end":{"line":55,"column":128}},"33":{"start":{"line":59,"column":2},"end":{"line":66,"column":3}},"34":{"start":{"line":60,"column":3},"end":{"line":60,"column":50}},"35":{"start":{"line":61,"column":3},"end":{"line":61,"column":23}},"36":{"start":{"line":62,"column":3},"end":{"line":62,"column":44}},"37":{"start":{"line":63,"column":3},"end":{"line":63,"column":52}},"38":{"start":{"line":64,"column":3},"end":{"line":65,"column":55}},"39":{"start":{"line":68,"column":2},"end":{"line":68,"column":92}},"40":{"start":{"line":69,"column":2},"end":{"line":87,"column":3}},"41":{"start":{"line":70,"column":3},"end":{"line":86,"column":17}},"42":{"start":{"line":71,"column":4},"end":{"line":71,"column":48}},"43":{"start":{"line":72,"column":4},"end":{"line":72,"column":24}},"44":{"start":{"line":73,"column":4},"end":{"line":73,"column":39}},"45":{"start":{"line":74,"column":4},"end":{"line":74,"column":35}},"46":{"start":{"line":75,"column":4},"end":{"line":75,"column":28}},"47":{"start":{"line":76,"column":4},"end":{"line":76,"column":39}},"48":{"start":{"line":76,"column":16},"end":{"line":76,"column":39}},"49":{"start":{"line":77,"column":4},"end":{"line":77,"column":19}},"50":{"start":{"line":78,"column":4},"end":{"line":83,"column":5}},"51":{"start":{"line":80,"column":5},"end":{"line":80,"column":37}},"52":{"start":{"line":81,"column":5},"end":{"line":82,"column":23}},"53":{"start":{"line":84,"column":4},"end":{"line":84,"column":21}},"54":{"start":{"line":85,"column":4},"end":{"line":85,"column":87}},"55":{"start":{"line":90,"column":2},"end":{"line":90,"column":85}},"56":{"start":{"line":91,"column":2},"end":{"line":93,"column":3}},"57":{"start":{"line":92,"column":3},"end":{"line":92,"column":51}},"58":{"start":{"line":95,"column":2},"end":{"line":95,"column":15}},"59":{"start":{"line":96,"column":2},"end":{"line":110,"column":3}},"60":{"start":{"line":98,"column":3},"end":{"line":98,"column":20}},"61":{"start":{"line":99,"column":3},"end":{"line":104,"column":4}},"62":{"start":{"line":100,"column":4},"end":{"line":102,"column":13}},"63":{"start":{"line":101,"column":5},"end":{"line":101,"column":36}},"64":{"start":{"line":103,"column":4},"end":{"line":103,"column":24}},"65":{"start":{"line":105,"column":3},"end":{"line":105,"column":40}},"66":{"start":{"line":106,"column":3},"end":{"line":106,"column":29}},"67":{"start":{"line":107,"column":3},"end":{"line":107,"column":83}},"68":{"start":{"line":109,"column":3},"end":{"line":109,"column":70}},"69":{"start":{"line":113,"column":2},"end":{"line":121,"column":13}}},"branchMap":{"1":{"line":13,"type":"if","locations":[{"start":{"line":13,"column":1},"end":{"line":13,"column":1}},{"start":{"line":13,"column":1},"end":{"line":13,"column":1}}]},"2":{"line":15,"type":"binary-expr","locations":[{"start":{"line":15,"column":13},"end":{"line":15,"column":41}},{"start":{"line":15,"column":45},"end":{"line":15,"column":47}}]},"3":{"line":17,"type":"binary-expr","locations":[{"start":{"line":17,"column":18},"end":{"line":17,"column":31}},{"start":{"line":17,"column":35},"end":{"line":17,"column":47}}]},"4":{"line":18,"type":"binary-expr","locations":[{"start":{"line":18,"column":21},"end":{"line":18,"column":36}},{"start":{"line":18,"column":40},"end":{"line":18,"column":55}}]},"5":{"line":21,"type":"if","locations":[{"start":{"line":21,"column":1},"end":{"line":21,"column":1}},{"start":{"line":21,"column":1},"end":{"line":21,"column":1}}]},"6":{"line":21,"type":"binary-expr","locations":[{"start":{"line":21,"column":4},"end":{"line":21,"column":16}},{"start":{"line":21,"column":20},"end":{"line":21,"column":43}}]},"7":{"line":26,"type":"cond-expr","locations":[{"start":{"line":26,"column":21},"end":{"line":26,"column":28}},{"start":{"line":26,"column":31},"end":{"line":26,"column":39}}]},"8":{"line":33,"type":"if","locations":[{"start":{"line":33,"column":2},"end":{"line":33,"column":2}},{"start":{"line":33,"column":2},"end":{"line":33,"column":2}}]},"9":{"line":42,"type":"if","locations":[{"start":{"line":42,"column":3},"end":{"line":42,"column":3}},{"start":{"line":42,"column":3},"end":{"line":42,"column":3}}]},"10":{"line":43,"type":"if","locations":[{"start":{"line":43,"column":4},"end":{"line":43,"column":4}},{"start":{"line":43,"column":4},"end":{"line":43,"column":4}}]},"11":{"line":49,"type":"if","locations":[{"start":{"line":49,"column":3},"end":{"line":49,"column":3}},{"start":{"line":49,"column":3},"end":{"line":49,"column":3}}]},"12":{"line":69,"type":"if","locations":[{"start":{"line":69,"column":2},"end":{"line":69,"column":2}},{"start":{"line":69,"column":2},"end":{"line":69,"column":2}}]},"13":{"line":76,"type":"if","locations":[{"start":{"line":76,"column":4},"end":{"line":76,"column":4}},{"start":{"line":76,"column":4},"end":{"line":76,"column":4}}]},"14":{"line":78,"type":"if","locations":[{"start":{"line":78,"column":4},"end":{"line":78,"column":4}},{"start":{"line":78,"column":4},"end":{"line":78,"column":4}}]},"15":{"line":91,"type":"if","locations":[{"start":{"line":91,"column":2},"end":{"line":91,"column":2}},{"start":{"line":91,"column":2},"end":{"line":91,"column":2}}]},"16":{"line":96,"type":"if","locations":[{"start":{"line":96,"column":2},"end":{"line":96,"column":2}},{"start":{"line":96,"column":2},"end":{"line":96,"column":2}}]},"17":{"line":96,"type":"binary-expr","locations":[{"start":{"line":96,"column":5},"end":{"line":96,"column":20}},{"start":{"line":96,"column":24},"end":{"line":96,"column":34}}]},"18":{"line":99,"type":"if","locations":[{"start":{"line":99,"column":3},"end":{"line":99,"column":3}},{"start":{"line":99,"column":3},"end":{"line":99,"column":3}}]}},"code":["/*","\tMIT License http://www.opensource.org/licenses/mit-license.php","\tAuthor Tobias Koppers @sokra","*/","var loaderUtils = require(\"loader-utils\");","var processCss = require(\"./processCss\");","var getImportPrefix = require(\"./getImportPrefix\");","var compileExports = require(\"./compile-exports\");","var createResolver = require(\"./createResolver\");","","","module.exports = function(content, map) {","\tif(this.cacheable) this.cacheable();","\tvar callback = this.async();","\tvar query = loaderUtils.getOptions(this) || {};","\tvar root = query.root;","\tvar moduleMode = query.modules || query.module;","\tvar camelCaseKeys = query.camelCase || query.camelcase;","\tvar resolve = createResolver(query.alias);","","\tif(map !== null && typeof map !== \"string\") {","\t\tmap = JSON.stringify(map);","\t}","","\tprocessCss(content, map, {","\t\tmode: moduleMode ? \"local\" : \"global\",","\t\tfrom: loaderUtils.getRemainingRequest(this),","\t\tto: loaderUtils.getCurrentRequest(this),","\t\tquery: query,","\t\tminimize: this.minimize,","\t\tloaderContext: this","\t}, function(err, result) {","\t\tif(err) return callback(err);","","\t\tvar cssAsString = JSON.stringify(result.source);","","\t\t// for importing CSS","\t\tvar importUrlPrefix = getImportPrefix(this, query);","","\t\tvar alreadyImported = {};","\t\tvar importJs = result.importItems.filter(function(imp) {","\t\t\tif(!imp.mediaQuery) {","\t\t\t\tif(alreadyImported[imp.url])","\t\t\t\t\treturn false;","\t\t\t\talreadyImported[imp.url] = true;","\t\t\t}","\t\t\treturn true;","\t\t}).map(function(imp) {","\t\t\tif(!loaderUtils.isUrlRequest(imp.url, root)) {","\t\t\t\treturn \"exports.push([module.id, \" +","\t\t\t\t\tJSON.stringify(\"@import url(\" + imp.url + \");\") + \", \" +","\t\t\t\t\tJSON.stringify(imp.mediaQuery) + \"]);\";","\t\t\t} else {","\t\t\t\tvar importUrl = importUrlPrefix + imp.url;","\t\t\t\treturn \"exports.i(require(\" + loaderUtils.stringifyRequest(this, importUrl) + \"), \" + JSON.stringify(imp.mediaQuery) + \");\";","\t\t\t}","\t\t}, this).join(\"\\n\");","","\t\tfunction importItemMatcher(item) {","\t\t\tvar match = result.importItemRegExp.exec(item);","\t\t\tvar idx = +match[1];","\t\t\tvar importItem = result.importItems[idx];","\t\t\tvar importUrl = importUrlPrefix + importItem.url;","\t\t\treturn \"\\\" + require(\" + loaderUtils.stringifyRequest(this, importUrl) + \").locals\" +","\t\t\t\t\"[\" + JSON.stringify(importItem.export) + \"] + \\\"\";","\t\t}","","\t\tcssAsString = cssAsString.replace(result.importItemRegExpG, importItemMatcher.bind(this));","\t\tif(query.url !== false) {","\t\t\tcssAsString = cssAsString.replace(result.urlItemRegExpG, function(item) {","\t\t\t\tvar match = result.urlItemRegExp.exec(item);","\t\t\t\tvar idx = +match[1];","\t\t\t\tvar urlItem = result.urlItems[idx];","\t\t\t\tvar url = resolve(urlItem.url);","\t\t\t\tidx = url.indexOf(\"?#\");","\t\t\t\tif(idx < 0) idx = url.indexOf(\"#\");","\t\t\t\tvar urlRequest;","\t\t\t\tif(idx > 0) { // idx === 0 is catched by isUrlRequest","\t\t\t\t\t// in cases like url('webfont.eot?#iefix')","\t\t\t\t\turlRequest = url.substr(0, idx);","\t\t\t\t\treturn \"\\\" + require(\" + loaderUtils.stringifyRequest(this, urlRequest) + \") + \\\"\" +","\t\t\t\t\t\t\turl.substr(idx);","\t\t\t\t}","\t\t\t\turlRequest = url;","\t\t\t\treturn \"\\\" + require(\" + loaderUtils.stringifyRequest(this, urlRequest) + \") + \\\"\";","\t\t\t}.bind(this));","\t\t}","","","\t\tvar exportJs = compileExports(result, importItemMatcher.bind(this), camelCaseKeys);","\t\tif (exportJs) {","\t\t\texportJs = \"exports.locals = \" + exportJs + \";\";","\t\t}","","\t\tvar moduleJs;","\t\tif(query.sourceMap && result.map) {","\t\t\t// add a SourceMap","\t\t\tmap = result.map;","\t\t\tif(map.sources) {","\t\t\t\tmap.sources = map.sources.map(function(source) {","\t\t\t\t\treturn source.split(\"!\").pop();","\t\t\t\t}, this);","\t\t\t\tmap.sourceRoot = \"\";","\t\t\t}","\t\t\tmap.file = map.file.split(\"!\").pop();","\t\t\tmap = JSON.stringify(map);","\t\t\tmoduleJs = \"exports.push([module.id, \" + cssAsString + \", \\\"\\\", \" + map + \"]);\";","\t\t} else {","\t\t\tmoduleJs = \"exports.push([module.id, \" + cssAsString + \", \\\"\\\"]);\";","\t\t}","","\t\t// embed runtime","\t\tcallback(null, \"exports = module.exports = require(\" +","\t\t\tloaderUtils.stringifyRequest(this, require.resolve(\"./css-base.js\")) +","\t\t\t\")(\" + query.sourceMap + \");\\n\" +","\t\t\t\"// imports\\n\" +","\t\t\timportJs + \"\\n\\n\" +","\t\t\t\"// module\\n\" +","\t\t\tmoduleJs + \"\\n\\n\" +","\t\t\t\"// exports\\n\" +","\t\t\texportJs);","\t}.bind(this));","};",""],"l":{"5":1,"6":1,"7":1,"8":1,"9":1,"12":1,"13":0,"14":0,"15":0,"16":0,"17":0,"18":0,"19":0,"21":0,"22":0,"25":0,"33":0,"35":0,"38":0,"40":0,"41":0,"42":0,"43":0,"44":0,"45":0,"47":0,"49":0,"50":0,"54":0,"55":0,"59":1,"60":0,"61":0,"62":0,"63":0,"64":0,"68":0,"69":0,"70":0,"71":0,"72":0,"73":0,"74":0,"75":0,"76":0,"77":0,"78":0,"80":0,"81":0,"84":0,"85":0,"90":0,"91":0,"92":0,"95":0,"96":0,"98":0,"99":0,"100":0,"101":0,"103":0,"105":0,"106":0,"107":0,"109":0,"113":0}},"/home/travis/build/npmtest/node-npmtest-css-loader/css-loader/lib/processCss.js":{"path":"/home/travis/build/npmtest/node-npmtest-css-loader/css-loader/lib/processCss.js","s":{"1":1,"2":1,"3":1,"4":1,"5":1,"6":1,"7":1,"8":1,"9":1,"10":1,"11":1,"12":0,"13":0,"14":0,"15":0,"16":0,"17":1,"18":0,"19":0,"20":0,"21":0,"22":0,"23":0,"24":0,"25":0,"26":0,"27":0,"28":0,"29":0,"30":0,"31":0,"32":0,"33":0,"34":0,"35":0,"36":0,"37":0,"38":0,"39":0,"40":0,"41":0,"42":0,"43":0,"44":0,"45":0,"46":0,"47":0,"48":0,"49":0,"50":0,"51":0,"52":0,"53":0,"54":0,"55":0,"56":1,"57":0,"58":0,"59":0,"60":0,"61":0,"62":0,"63":0,"64":0,"65":0,"66":0,"67":0,"68":0,"69":0,"70":0,"71":0,"72":0,"73":0,"74":0,"75":0,"76":0,"77":0,"78":0,"79":0,"80":0,"81":0,"82":0,"83":0,"84":0,"85":1,"86":0,"87":0,"88":0,"89":0,"90":0,"91":0,"92":0,"93":0,"94":0,"95":0,"96":0,"97":0,"98":0,"99":0,"100":0,"101":0,"102":0,"103":0,"104":0,"105":0,"106":0,"107":0,"108":0,"109":0,"110":0,"111":0,"112":0,"113":0,"114":0,"115":0,"116":1,"117":0,"118":0,"119":0,"120":0,"121":0,"122":0,"123":1,"124":0,"125":0,"126":0,"127":0,"128":0,"129":0,"130":1,"131":1},"b":{"1":[0,0],"2":[0,0],"3":[0,0],"4":[0,0],"5":[0,0],"6":[0,0],"7":[0,0],"8":[0,0],"9":[0,0],"10":[0,0,0,0],"11":[0,0],"12":[0,0],"13":[0,0,0],"14":[0,0],"15":[0,0],"16":[0,0],"17":[0,0],"18":[0,0],"19":[0,0],"20":[0,0],"21":[0,0],"22":[0,0],"23":[0,0],"24":[0,0],"25":[0,0],"26":[0,0],"27":[0,0],"28":[0,0],"29":[0,0],"30":[0,0]},"f":{"1":0,"2":0,"3":0,"4":0,"5":0,"6":0,"7":0,"8":0,"9":0,"10":0,"11":0,"12":0,"13":0,"14":0,"15":0,"16":0,"17":0,"18":0,"19":0,"20":0,"21":0},"fnMap":{"1":{"name":"(anonymous_1)","line":17,"loc":{"start":{"line":17,"column":55},"end":{"line":17,"column":73}}},"2":{"name":"(anonymous_2)","line":18,"loc":{"start":{"line":18,"column":8},"end":{"line":18,"column":22}}},"3":{"name":"replaceImportsInString","line":24,"loc":{"start":{"line":24,"column":2},"end":{"line":24,"column":39}}},"4":{"name":"(anonymous_4)","line":27,"loc":{"start":{"line":27,"column":24},"end":{"line":27,"column":41}}},"5":{"name":"(anonymous_5)","line":40,"loc":{"start":{"line":40,"column":29},"end":{"line":40,"column":44}}},"6":{"name":"(anonymous_6)","line":61,"loc":{"start":{"line":61,"column":16},"end":{"line":61,"column":31}}},"7":{"name":"(anonymous_7)","line":63,"loc":{"start":{"line":63,"column":19},"end":{"line":63,"column":34}}},"8":{"name":"(anonymous_8)","line":70,"loc":{"start":{"line":70,"column":19},"end":{"line":70,"column":34}}},"9":{"name":"(anonymous_9)","line":81,"loc":{"start":{"line":81,"column":31},"end":{"line":81,"column":52}}},"10":{"name":"processNode","line":85,"loc":{"start":{"line":85,"column":2},"end":{"line":85,"column":29}}},"11":{"name":"(anonymous_11)","line":114,"loc":{"start":{"line":114,"column":16},"end":{"line":114,"column":31}}},"12":{"name":"(anonymous_12)","line":116,"loc":{"start":{"line":116,"column":24},"end":{"line":116,"column":40}}},"13":{"name":"(anonymous_13)","line":121,"loc":{"start":{"line":121,"column":18},"end":{"line":121,"column":35}}},"14":{"name":"processCss","line":133,"loc":{"start":{"line":133,"column":17},"end":{"line":133,"column":79}}},"15":{"name":"(anonymous_15)","line":154,"loc":{"start":{"line":154,"column":15},"end":{"line":154,"column":37}}},"16":{"name":"generateScopedName","line":169,"loc":{"start":{"line":169,"column":23},"end":{"line":169,"column":64}}},"17":{"name":"(anonymous_17)","line":183,"loc":{"start":{"line":183,"column":101},"end":{"line":183,"column":116}}},"18":{"name":"(anonymous_18)","line":200,"loc":{"start":{"line":200,"column":9},"end":{"line":200,"column":26}}},"19":{"name":"(anonymous_19)","line":212,"loc":{"start":{"line":212,"column":10},"end":{"line":212,"column":24}}},"20":{"name":"formatMessage","line":229,"loc":{"start":{"line":229,"column":0},"end":{"line":229,"column":45}}},"21":{"name":"CSSLoaderError","line":242,"loc":{"start":{"line":242,"column":0},"end":{"line":242,"column":59}}}},"statementMap":{"1":{"start":{"line":5,"column":0},"end":{"line":5,"column":50}},"2":{"start":{"line":6,"column":0},"end":{"line":6,"column":50}},"3":{"start":{"line":7,"column":0},"end":{"line":7,"column":33}},"4":{"start":{"line":8,"column":0},"end":{"line":8,"column":42}},"5":{"start":{"line":9,"column":0},"end":{"line":9,"column":38}},"6":{"start":{"line":10,"column":0},"end":{"line":10,"column":47}},"7":{"start":{"line":12,"column":0},"end":{"line":12,"column":65}},"8":{"start":{"line":13,"column":0},"end":{"line":13,"column":64}},"9":{"start":{"line":14,"column":0},"end":{"line":14,"column":52}},"10":{"start":{"line":15,"column":0},"end":{"line":15,"column":54}},"11":{"start":{"line":17,"column":0},"end":{"line":131,"column":3}},"12":{"start":{"line":18,"column":1},"end":{"line":130,"column":3}},"13":{"start":{"line":19,"column":2},"end":{"line":19,"column":19}},"14":{"start":{"line":20,"column":2},"end":{"line":20,"column":19}},"15":{"start":{"line":21,"column":2},"end":{"line":21,"column":23}},"16":{"start":{"line":22,"column":2},"end":{"line":22,"column":20}},"17":{"start":{"line":24,"column":2},"end":{"line":37,"column":3}},"18":{"start":{"line":25,"column":3},"end":{"line":35,"column":4}},"19":{"start":{"line":26,"column":4},"end":{"line":26,"column":36}},"20":{"start":{"line":27,"column":4},"end":{"line":33,"column":7}},"21":{"start":{"line":28,"column":5},"end":{"line":28,"column":44}},"22":{"start":{"line":29,"column":5},"end":{"line":31,"column":6}},"23":{"start":{"line":30,"column":6},"end":{"line":30,"column":61}},"24":{"start":{"line":32,"column":5},"end":{"line":32,"column":18}},"25":{"start":{"line":34,"column":4},"end":{"line":34,"column":27}},"26":{"start":{"line":36,"column":3},"end":{"line":36,"column":14}},"27":{"start":{"line":39,"column":2},"end":{"line":59,"column":3}},"28":{"start":{"line":40,"column":3},"end":{"line":58,"column":6}},"29":{"start":{"line":41,"column":4},"end":{"line":41,"column":52}},"30":{"start":{"line":42,"column":4},"end":{"line":42,"column":39}},"31":{"start":{"line":43,"column":4},"end":{"line":47,"column":63}},"32":{"start":{"line":44,"column":5},"end":{"line":44,"column":19}},"33":{"start":{"line":45,"column":11},"end":{"line":47,"column":63}},"34":{"start":{"line":46,"column":5},"end":{"line":46,"column":21}},"35":{"start":{"line":47,"column":11},"end":{"line":47,"column":63}},"36":{"start":{"line":48,"column":4},"end":{"line":48,"column":34}},"37":{"start":{"line":49,"column":4},"end":{"line":49,"column":55}},"38":{"start":{"line":50,"column":4},"end":{"line":52,"column":5}},"39":{"start":{"line":51,"column":5},"end":{"line":51,"column":55}},"40":{"start":{"line":53,"column":4},"end":{"line":56,"column":7}},"41":{"start":{"line":57,"column":4},"end":{"line":57,"column":18}},"42":{"start":{"line":61,"column":2},"end":{"line":79,"column":5}},"43":{"start":{"line":62,"column":3},"end":{"line":78,"column":4}},"44":{"start":{"line":63,"column":4},"end":{"line":65,"column":7}},"45":{"start":{"line":64,"column":5},"end":{"line":64,"column":37}},"46":{"start":{"line":66,"column":4},"end":{"line":66,"column":18}},"47":{"start":{"line":67,"column":10},"end":{"line":78,"column":4}},"48":{"start":{"line":68,"column":4},"end":{"line":68,"column":56}},"49":{"start":{"line":69,"column":4},"end":{"line":69,"column":48}},"50":{"start":{"line":70,"column":4},"end":{"line":76,"column":7}},"51":{"start":{"line":71,"column":5},"end":{"line":71,"column":51}},"52":{"start":{"line":72,"column":5},"end":{"line":75,"column":8}},"53":{"start":{"line":77,"column":4},"end":{"line":77,"column":18}},"54":{"start":{"line":81,"column":2},"end":{"line":83,"column":5}},"55":{"start":{"line":82,"column":3},"end":{"line":82,"column":69}},"56":{"start":{"line":85,"column":2},"end":{"line":112,"column":3}},"57":{"start":{"line":86,"column":3},"end":{"line":111,"column":4}},"58":{"start":{"line":88,"column":5},"end":{"line":88,"column":37}},"59":{"start":{"line":89,"column":5},"end":{"line":89,"column":11}},"60":{"start":{"line":91,"column":5},"end":{"line":91,"column":37}},"61":{"start":{"line":92,"column":5},"end":{"line":92,"column":11}},"62":{"start":{"line":94,"column":5},"end":{"line":94,"column":48}},"63":{"start":{"line":95,"column":5},"end":{"line":97,"column":6}},"64":{"start":{"line":96,"column":6},"end":{"line":96,"column":66}},"65":{"start":{"line":98,"column":5},"end":{"line":98,"column":11}},"66":{"start":{"line":100,"column":5},"end":{"line":109,"column":6}},"67":{"start":{"line":101,"column":6},"end":{"line":101,"column":27}},"68":{"start":{"line":102,"column":6},"end":{"line":102,"column":37}},"69":{"start":{"line":103,"column":6},"end":{"line":103,"column":36}},"70":{"start":{"line":104,"column":6},"end":{"line":104,"column":25}},"71":{"start":{"line":105,"column":6},"end":{"line":105,"column":66}},"72":{"start":{"line":106,"column":6},"end":{"line":108,"column":9}},"73":{"start":{"line":110,"column":5},"end":{"line":110,"column":11}},"74":{"start":{"line":114,"column":2},"end":{"line":120,"column":5}},"75":{"start":{"line":115,"column":3},"end":{"line":115,"column":50}},"76":{"start":{"line":116,"column":3},"end":{"line":118,"column":6}},"77":{"start":{"line":117,"column":4},"end":{"line":117,"column":37}},"78":{"start":{"line":119,"column":3},"end":{"line":119,"column":50}},"79":{"start":{"line":121,"column":2},"end":{"line":125,"column":5}},"80":{"start":{"line":122,"column":3},"end":{"line":124,"column":4}},"81":{"start":{"line":123,"column":4},"end":{"line":123,"column":58}},"82":{"start":{"line":127,"column":2},"end":{"line":127,"column":36}},"83":{"start":{"line":128,"column":2},"end":{"line":128,"column":30}},"84":{"start":{"line":129,"column":2},"end":{"line":129,"column":28}},"85":{"start":{"line":133,"column":0},"end":{"line":227,"column":2}},"86":{"start":{"line":134,"column":1},"end":{"line":134,"column":27}},"87":{"start":{"line":135,"column":1},"end":{"line":135,"column":23}},"88":{"start":{"line":136,"column":1},"end":{"line":136,"column":29}},"89":{"start":{"line":137,"column":1},"end":{"line":137,"column":62}},"90":{"start":{"line":138,"column":1},"end":{"line":138,"column":47}},"91":{"start":{"line":139,"column":1},"end":{"line":139,"column":36}},"92":{"start":{"line":140,"column":1},"end":{"line":140,"column":90}},"93":{"start":{"line":142,"column":1},"end":{"line":142,"column":64}},"94":{"start":{"line":144,"column":1},"end":{"line":149,"column":3}},"95":{"start":{"line":151,"column":1},"end":{"line":178,"column":4}},"96":{"start":{"line":155,"column":4},"end":{"line":162,"column":5}},"97":{"start":{"line":156,"column":5},"end":{"line":158,"column":6}},"98":{"start":{"line":157,"column":6},"end":{"line":157,"column":17}},"99":{"start":{"line":159,"column":5},"end":{"line":161,"column":6}},"100":{"start":{"line":160,"column":6},"end":{"line":160,"column":49}},"101":{"start":{"line":163,"column":4},"end":{"line":163,"column":15}},"102":{"start":{"line":170,"column":4},"end":{"line":174,"column":7}},"103":{"start":{"line":180,"column":1},"end":{"line":188,"column":2}},"104":{"start":{"line":181,"column":2},"end":{"line":181,"column":35}},"105":{"start":{"line":182,"column":2},"end":{"line":182,"column":51}},"106":{"start":{"line":183,"column":2},"end":{"line":186,"column":5}},"107":{"start":{"line":184,"column":3},"end":{"line":185,"column":34}},"108":{"start":{"line":185,"column":4},"end":{"line":185,"column":34}},"109":{"start":{"line":187,"column":2},"end":{"line":187,"column":41}},"110":{"start":{"line":190,"column":1},"end":{"line":226,"column":4}},"111":{"start":{"line":201,"column":2},"end":{"line":211,"column":5}},"112":{"start":{"line":213,"column":2},"end":{"line":225,"column":3}},"113":{"start":{"line":214,"column":3},"end":{"line":221,"column":5}},"114":{"start":{"line":222,"column":3},"end":{"line":222,"column":26}},"115":{"start":{"line":224,"column":3},"end":{"line":224,"column":17}},"116":{"start":{"line":229,"column":0},"end":{"line":240,"column":1}},"117":{"start":{"line":230,"column":1},"end":{"line":230,"column":25}},"118":{"start":{"line":231,"column":1},"end":{"line":234,"column":2}},"119":{"start":{"line":232,"column":2},"end":{"line":233,"column":46}},"120":{"start":{"line":235,"column":1},"end":{"line":238,"column":2}},"121":{"start":{"line":236,"column":2},"end":{"line":237,"column":67}},"122":{"start":{"line":239,"column":1},"end":{"line":239,"column":18}},"123":{"start":{"line":242,"column":0},"end":{"line":249,"column":1}},"124":{"start":{"line":243,"column":1},"end":{"line":243,"column":18}},"125":{"start":{"line":244,"column":1},"end":{"line":244,"column":47}},"126":{"start":{"line":245,"column":1},"end":{"line":245,"column":18}},"127":{"start":{"line":246,"column":1},"end":{"line":246,"column":20}},"128":{"start":{"line":247,"column":1},"end":{"line":247,"column":52}},"129":{"start":{"line":248,"column":1},"end":{"line":248,"column":23}},"130":{"start":{"line":251,"column":0},"end":{"line":251,"column":58}},"131":{"start":{"line":252,"column":0},"end":{"line":252,"column":54}}},"branchMap":{"1":{"line":25,"type":"if","locations":[{"start":{"line":25,"column":3},"end":{"line":25,"column":3}},{"start":{"line":25,"column":3},"end":{"line":25,"column":3}}]},"2":{"line":29,"type":"if","locations":[{"start":{"line":29,"column":5},"end":{"line":29,"column":5}},{"start":{"line":29,"column":5},"end":{"line":29,"column":5}}]},"3":{"line":39,"type":"if","locations":[{"start":{"line":39,"column":2},"end":{"line":39,"column":2}},{"start":{"line":39,"column":2},"end":{"line":39,"column":2}}]},"4":{"line":43,"type":"if","locations":[{"start":{"line":43,"column":4},"end":{"line":43,"column":4}},{"start":{"line":43,"column":4},"end":{"line":43,"column":4}}]},"5":{"line":45,"type":"if","locations":[{"start":{"line":45,"column":11},"end":{"line":45,"column":11}},{"start":{"line":45,"column":11},"end":{"line":45,"column":11}}]},"6":{"line":50,"type":"if","locations":[{"start":{"line":50,"column":4},"end":{"line":50,"column":4}},{"start":{"line":50,"column":4},"end":{"line":50,"column":4}}]},"7":{"line":50,"type":"binary-expr","locations":[{"start":{"line":50,"column":7},"end":{"line":50,"column":50}},{"start":{"line":50,"column":54},"end":{"line":50,"column":79}}]},"8":{"line":62,"type":"if","locations":[{"start":{"line":62,"column":3},"end":{"line":62,"column":3}},{"start":{"line":62,"column":3},"end":{"line":62,"column":3}}]},"9":{"line":67,"type":"if","locations":[{"start":{"line":67,"column":10},"end":{"line":67,"column":10}},{"start":{"line":67,"column":10},"end":{"line":67,"column":10}}]},"10":{"line":86,"type":"switch","locations":[{"start":{"line":87,"column":4},"end":{"line":89,"column":11}},{"start":{"line":90,"column":4},"end":{"line":92,"column":11}},{"start":{"line":93,"column":4},"end":{"line":98,"column":11}},{"start":{"line":99,"column":4},"end":{"line":110,"column":11}}]},"11":{"line":95,"type":"if","locations":[{"start":{"line":95,"column":5},"end":{"line":95,"column":5}},{"start":{"line":95,"column":5},"end":{"line":95,"column":5}}]},"12":{"line":100,"type":"if","locations":[{"start":{"line":100,"column":5},"end":{"line":100,"column":5}},{"start":{"line":100,"column":5},"end":{"line":100,"column":5}}]},"13":{"line":100,"type":"binary-expr","locations":[{"start":{"line":100,"column":9},"end":{"line":100,"column":20}},{"start":{"line":100,"column":24},"end":{"line":100,"column":44}},{"start":{"line":100,"column":48},"end":{"line":100,"column":96}}]},"14":{"line":122,"type":"if","locations":[{"start":{"line":122,"column":3},"end":{"line":122,"column":3}},{"start":{"line":122,"column":3},"end":{"line":122,"column":3}}]},"15":{"line":137,"type":"binary-expr","locations":[{"start":{"line":137,"column":22},"end":{"line":137,"column":42}},{"start":{"line":137,"column":46},"end":{"line":137,"column":61}}]},"16":{"line":140,"type":"cond-expr","locations":[{"start":{"line":140,"column":55},"end":{"line":140,"column":70}},{"start":{"line":140,"column":73},"end":{"line":140,"column":89}}]},"17":{"line":142,"type":"binary-expr","locations":[{"start":{"line":142,"column":27},"end":{"line":142,"column":46}},{"start":{"line":142,"column":50},"end":{"line":142,"column":63}}]},"18":{"line":155,"type":"if","locations":[{"start":{"line":155,"column":4},"end":{"line":155,"column":4}},{"start":{"line":155,"column":4},"end":{"line":155,"column":4}}]},"19":{"line":156,"type":"if","locations":[{"start":{"line":156,"column":5},"end":{"line":156,"column":5}},{"start":{"line":156,"column":5},"end":{"line":156,"column":5}}]},"20":{"line":159,"type":"if","locations":[{"start":{"line":159,"column":5},"end":{"line":159,"column":5}},{"start":{"line":159,"column":5},"end":{"line":159,"column":5}}]},"21":{"line":172,"type":"binary-expr","locations":[{"start":{"line":172,"column":17},"end":{"line":172,"column":33}},{"start":{"line":172,"column":37},"end":{"line":172,"column":39}}]},"22":{"line":180,"type":"if","locations":[{"start":{"line":180,"column":1},"end":{"line":180,"colu
[...]
ch(processNode);","\t\t\t});","\t\t\tdecl.value = Tokenizer.stringifyValues(values);","\t\t});","\t\tcss.walkAtRules(function(atrule) {","\t\t\tif(typeof atrule.params === \"string\") {","\t\t\t\tatrule.params = replaceImportsInString(atrule.params);","\t\t\t}","\t\t});","","\t\toptions.importItems = importItems;","\t\toptions.urlItems = urlItems;","\t\toptions.exports = exports;","\t};","});","","module.exports = function processCss(inputSource, inputMap, options, callback) {","\tvar query = options.query;","\tvar root = query.root;","\tvar context = query.context;","\tvar localIdentName = query.localIdentName || \"[hash:base64]\";","\tvar localIdentRegExp = query.localIdentRegExp;","\tvar forceMinimize = query.minimize;","\tvar minimize = typeof forceMinimize !== \"undefined\" ? !!forceMinimize : options.minimize;","","\tvar customGetLocalIdent = query.getLocalIdent || getLocalIdent;","","\tvar parserOptions = {","\t\troot: root,","\t\tmode: options.mode,","\t\turl: query.url !== false,","\t\timport: query.import !== false","\t};","","\tvar pipeline = postcss([","\t\tlocalByDefault({","\t\t\tmode: options.mode,","\t\t\trewriteUrl: function(global, url) {","\t\t\t\tif(parserOptions.url){","\t\t\t\t\tif(!loaderUtils.isUrlRequest(url, root)) {","\t\t\t\t\t\treturn url;","\t\t\t\t\t}","\t\t\t\t\tif(global) {","\t\t\t\t\t\treturn loaderUtils.urlToRequest(url, root);","\t\t\t\t\t}","\t\t\t\t}","\t\t\t\treturn url;","\t\t\t}","\t\t}),","\t\textractImports(),","\t\tmodulesValues,","\t\tmodulesScope({","\t\t\tgenerateScopedName: function generateScopedName (exportName) {","\t\t\t\treturn customGetLocalIdent(options.loaderContext, localIdentName, exportName, {","\t\t\t\t\tregExp: localIdentRegExp,","\t\t\t\t\thashPrefix: query.hashPrefix || \"\",","\t\t\t\t\tcontext: context","\t\t\t\t});","\t\t\t}","\t\t}),","\t\tparserPlugin(parserOptions)","\t]);","","\tif(minimize) {","\t\tvar cssnano = require(\"cssnano\");","\t\tvar minimizeOptions = assign({}, query.minimize);","\t\t[\"zindex\", \"normalizeUrl\", \"discardUnused\", \"mergeIdents\", \"reduceIdents\", \"autoprefixer\"].forEach(function(name) {","\t\t\tif(typeof minimizeOptions[name] === \"undefined\")","\t\t\t\tminimizeOptions[name] = false;","\t\t});","\t\tpipeline.use(cssnano(minimizeOptions));","\t}","","\tpipeline.process(inputSource, {","\t\t// we need a prefix to avoid path rewriting of PostCSS","\t\tfrom: \"/css-loader!\" + options.from,","\t\tto: options.to,","\t\tmap: {","\t\t\tprev: inputMap,","\t\t\tsourcesContent: true,","\t\t\tinline: false,","\t\t\tannotation: false","\t\t}","\t}).then(function(result) {","\t\tcallback(null, {","\t\t\tsource: result.css,","\t\t\tmap: result.map && result.map.toJSON(),","\t\t\texports: parserOptions.exports,","\t\t\timportItems: parserOptions.importItems,","\t\t\timportItemRegExpG: /___CSS_LOADER_IMPORT___([0-9]+)___/g,","\t\t\timportItemRegExp: /___CSS_LOADER_IMPORT___([0-9]+)___/,","\t\t\turlItems: parserOptions.urlItems,","\t\t\turlItemRegExpG: /___CSS_LOADER_URL___([0-9]+)___/g,","\t\t\turlItemRegExp: /___CSS_LOADER_URL___([0-9]+)___/","\t\t});","\t}).catch(function(err) {","\t\tif (err.name === 'CssSyntaxError') {","\t\t\tvar wrappedError = new CSSLoaderError(","\t\t\t\t'Syntax Error',","\t\t\t\terr.reason,","\t\t\t\terr.line != null && err.column != null","\t\t\t\t\t? {line: err.line, column: err.column}","\t\t\t\t\t: null,","\t\t\t\terr.input.source","\t\t\t);","\t\t\tcallback(wrappedError);","\t\t} else {","\t\t\tcallback(err);","\t\t}","\t});","};","","function formatMessage(message, loc, source) {","\tvar formatted = message;","\tif (loc) {","\t\tformatted = formatted","\t\t\t+ ' (' + loc.line + ':' + loc.column + ')';","\t}","\tif (loc && source) {","\t\tformatted = formatted","\t\t\t+ '\\n\\n' + formatCodeFrame(source, loc.line, loc.column) + '\\n';","\t}","\treturn formatted;","}","","function CSSLoaderError(name, message, loc, source, error) {","\tError.call(this);","\tError.captureStackTrace(this, CSSLoaderError);","\tthis.name = name;","\tthis.error = error;","\tthis.message = formatMessage(message, loc, source);","\tthis.hideStack = true;","}","","CSSLoaderError.prototype = Object.create(Error.prototype);","CSSLoaderError.prototype.constructor = CSSLoaderError;",""],"l":{"5":1,"6":1,"7":1,"8":1,"9":1,"10":1,"12":1,"13":1,"14":1,"15":1,"17":1,"18":0,"19":0,"20":0,"21":0,"22":0,"24":1,"25":0,"26":0,"27":0,"28":0,"29":0,"30":0,"32":0,"34":0,"36":0,"39":0,"40":0,"41":0,"42":0,"43":0,"44":0,"45":0,"46":0,"47":0,"48":0,"49":0,"50":0,"51":0,"53":0,"57":0,"61":0,"62":0,"63":0,"64":0,"66":0,"67":0,"68":0,"69":0,"70":0,"71":0,"72":0,"77":0,"81":0,"82":0,"85":1,"86":0,"88":0,"89":0,"91":0,"92":0,"94":0,"95":0,"96":0,"98":0,"100":0,"101":0,"102":0,"103":0,"104":0,"105":0,"106":0,"110":0,"114":0,"115":0,"116":0,"117":0,"119":0,"121":0,"122":0,"123":0,"127":0,"128":0,"129":0,"133":1,"134":0,"135":0,"136":0,"137":0,"138":0,"139":0,"140":0,"142":0,"144":0,"151":0,"155":0,"156":0,"157":0,"159":0,"160":0,"163":0,"170":0,"180":0,"181":0,"182":0,"183":0,"184":0,"185":0,"187":0,"190":0,"201":0,"213":0,"214":0,"222":0,"224":0,"229":1,"230":0,"231":0,"232":0,"235":0,"236":0,"239":0,"242":1,"243":0,"244":0,"245":0,"246":0,"247":0,"248":0,"251":1,"252":1}},"/home/travis/build/npmtest/node-npmtest-css-loader/css-loader/lib/getLocalIdent.js":{"path":"/home/travis/build/npmtest/node-npmtest-css-loader/css-loader/lib/getLocalIdent.js","s":{"1":1,"2":1,"3":1,"4":0,"5":0,"6":0,"7":0,"8":0,"9":0,"10":0},"b":{"1":[0,0],"2":[0,0],"3":[0,0]},"f":{"1":0},"fnMap":{"1":{"name":"getLocalIdent","line":8,"loc":{"start":{"line":8,"column":17},"end":{"line":8,"column":91}}}},"statementMap":{"1":{"start":{"line":5,"column":0},"end":{"line":5,"column":42}},"2":{"start":{"line":6,"column":0},"end":{"line":6,"column":27}},"3":{"start":{"line":8,"column":0},"end":{"line":16,"column":2}},"4":{"start":{"line":9,"column":1},"end":{"line":10,"column":151}},"5":{"start":{"line":10,"column":2},"end":{"line":10,"column":151}},"6":{"start":{"line":11,"column":1},"end":{"line":11,"column":74}},"7":{"start":{"line":12,"column":1},"end":{"line":12,"column":66}},"8":{"start":{"line":13,"column":1},"end":{"line":13,"column":67}},"9":{"start":{"line":14,"column":1},"end":{"line":14,"column":80}},"10":{"start":{"line":15,"column":1},"end":{"line":15,"column":110}}},"branchMap":{"1":{"line":9,"type":"if","locations":[{"start":{"line":9,"column":1},"end":{"line":9,"column":1}},{"start":{"line":9,"column":1},"end":{"line":9,"column":1}}]},"2":{"line":10,"type":"cond-expr","locations":[{"start":{"line":10,"column":97},"end":{"line":10,"column":126}},{"start":{"line":10,"column":129},"end":{"line":10,"column":150}}]},"3":{"line":10,"type":"binary-expr","locations":[{"start":{"line":10,"column":20},"end":{"line":10,"column":41}},{"start":{"line":10,"column":45},"end":{"line":10,"column":94}}]}},"code":["/*","\tMIT License http://www.opensource.org/licenses/mit-license.php","\tAuthor Tobias Koppers @sokra","*/","var loaderUtils = require(\"loader-utils\");","var path = require(\"path\");","","module.exports = function getLocalIdent(loaderContext, localIdentName, localName, options) {","\tif(!options.context)","\t\toptions.context = loaderContext.options && typeof loaderContext.options.context === \"string\" ? loaderContext.options.context : loaderContext.context;","\tvar request = path.relative(options.context, loaderContext.resourcePath);","\toptions.content = options.hashPrefix + request + \"+\" + localName;","\tlocalIdentName = localIdentName.replace(/\\[local\\]/gi, localName);","\tvar hash = loaderUtils.interpolateName(loaderContext, localIdentName, options);","\treturn hash.replace(new RegExp(\"[^a-zA-Z0-9\\\\-_\\u00A0-\\uFFFF]\", \"g\"), \"-\").replace(/^((-?[0-9])|--)/, \"_$1\");","};",""],"l":{"5":1,"6":1,"8":1,"9":0,"10":0,"11":0,"12":0,"13":0,"14":0,"15":0}},"/home/travis/build/npmtest/node-npmtest-css-loader/css-loader/lib/getImportPrefix.js":{"path":"/home/travis/build/npmtest/node-npmtest-css-loader/css-loader/lib/getImportPrefix.js","s":{"1":1,"2":0,"3":0,"4":0,"5":0,"6":0,"7":0},"b":{"1":[0,0],"2":[0,0]},"f":{"1":0,"2":0},"fnMap":{"1":{"name":"getImportPrefix","line":5,"loc":{"start":{"line":5,"column":17},"end":{"line":5,"column":64}}},"2":{"name":"(anonymous_2)","line":12,"loc":{"start":{"line":12,"column":7},"end":{"line":12,"column":19}}}},"statementMap":{"1":{"start":{"line":5,"column":0},"end":{"line":14,"column":2}},"2":{"start":{"line":6,"column":1},"end":{"line":7,"column":12}},"3":{"start":{"line":7,"column":2},"end":{"line":7,"column":12}},"4":{"start":{"line":8,"column":1},"end":{"line":8,"column":60}},"5":{"start":{"line":9,"column":1},"end":{"line":12,"column":52}},"6":{"start":{"line":12,"column":21},"end":{"line":12,"column":38}},"7":{"start":{"line":13,"column":1},"end":{"line":13,"column":36}}},"branchMap":{"1":{"line":6,"type":"if","locations":[{"start":{"line":6,"column":1},"end":{"line":6,"column":1}},{"start":{"line":6,"column":1},"end":{"line":6,"column":1}}]},"2":{"line":8,"type":"binary-expr","locations":[{"start":{"line":8,"column":21},"end":{"line":8,"column":54}},{"start":{"line":8,"column":58},"end":{"line":8,"column":59}}]}},"code":["/*","\tMIT License http://www.opensource.org/licenses/mit-license.php","\tAuthor Tobias Koppers @sokra","*/","module.exports = function getImportPrefix(loaderContext, query) {","\tif(query.importLoaders === false)","\t\treturn \"\";","\tvar importLoaders = parseInt(query.importLoaders, 10) || 0;","\tvar loadersRequest = loaderContext.loaders.slice(","\t\tloaderContext.loaderIndex,","\t\tloaderContext.loaderIndex + 1 + importLoaders","\t).map(function(x) { return x.request; }).join(\"!\");","\treturn \"-!\" + loadersRequest + \"!\";","};",""],"l":{"5":1,"6":0,"7":0,"8":0,"9":0,"12":0,"13":0}},"/home/travis/build/npmtest/node-npmtest-css-loader/css-loader/lib/compile-exports.js":{"path":"/home/travis/build/npmtest/node-npmtest-css-loader/css-loader/lib/compile-exports.js","s":{"1":1,"2":1,"3":0,"4":0,"5":1,"6":0,"7":0,"8":0,"9":0,"10":0,"11":1,"12":0,"13":0,"14":0,"15":0,"16":0,"17":0,"18":0,"19":0,"20":0,"21":0,"22":0,"23":0,"24":0,"25":0,"26":0,"27":0,"28":0,"29":0,"30":0,"31":0,"32":0},"b":{"1":[0,0],"2":[0,0,0,0,0],"3":[0,0],"4":[0,0]},"f":{"1":0,"2":0,"3":0,"4":0,"5":0},"fnMap":{"1":{"name":"dashesCamelCase","line":3,"loc":{"start":{"line":3,"column":0},"end":{"line":3,"column":30}}},"2":{"name":"(anonymous_2)","line":4,"loc":{"start":{"line":4,"column":31},"end":{"line":4,"column":60}}},"3":{"name":"compileExports","line":9,"loc":{"start":{"line":9,"column":17},"end":{"line":9,"column":83}}},"4":{"name":"(anonymous_4)","line":14,"loc":{"start":{"line":14,"column":52},"end":{"line":14,"column":71}}},"5":{"name":"addEntry","line":17,"loc":{"start":{"line":17,"column":4},"end":{"line":17,"column":25}}}},"statementMap":{"1":{"start":{"line":1,"column":0},"end":{"line":1,"column":44}},"2":{"start":{"line":3,"column":0},"end":{"line":7,"column":1}},"3":{"start":{"line":4,"column":2},"end":{"line":6,"column":5}},"4":{"start":{"line":5,"column":4},"end":{"line":5,"column":37}},"5":{"start":{"line":9,"column":0},"end":{"line":51,"column":2}},"6":{"start":{"line":10,"column":2},"end":{"line":12,"column":3}},"7":{"start":{"line":11,"column":4},"end":{"line":11,"column":14}},"8":{"start":{"line":14,"column":2},"end":{"line":48,"column":21}},"9":{"start":{"line":15,"column":4},"end":{"line":15,"column":60}},"10":{"start":{"line":16,"column":4},"end":{"line":16,"column":87}},"11":{"start":{"line":17,"column":4},"end":{"line":19,"column":5}},"12":{"start":{"line":18,"column":6},"end":{"line":18,"column":64}},"13":{"start":{"line":21,"column":4},"end":{"line":21,"column":18}},"14":{"start":{"line":22,"column":4},"end":{"line":46,"column":5}},"15":{"start":{"line":24,"column":8},"end":{"line":24,"column":22}},"16":{"start":{"line":25,"column":8},"end":{"line":25,"column":35}},"17":{"start":{"line":26,"column":8},"end":{"line":28,"column":9}},"18":{"start":{"line":27,"column":10},"end":{"line":27,"column":30}},"19":{"start":{"line":29,"column":8},"end":{"line":29,"column":14}},"20":{"start":{"line":31,"column":8},"end":{"line":31,"column":22}},"21":{"start":{"line":32,"column":8},"end":{"line":32,"column":41}},"22":{"start":{"line":33,"column":8},"end":{"line":35,"column":9}},"23":{"start":{"line":34,"column":10},"end":{"line":34,"column":30}},"24":{"start":{"line":36,"column":8},"end":{"line":36,"column":14}},"25":{"start":{"line":38,"column":8},"end":{"line":38,"column":33}},"26":{"start":{"line":39,"column":8},"end":{"line":39,"column":14}},"27":{"start":{"line":41,"column":8},"end":{"line":41,"column":39}},"28":{"start":{"line":42,"column":8},"end":{"line":42,"column":14}},"29":{"start":{"line":44,"column":8},"end":{"line":44,"column":22}},"30":{"start":{"line":45,"column":8},"end":{"line":45,"column":14}},"31":{"start":{"line":47,"column":4},"end":{"line":47,"column":15}},"32":{"start":{"line":50,"column":2},"end":{"line":50,"column":34}}},"branchMap":{"1":{"line":10,"type":"if","locations":[{"start":{"line":10,"column":2},"end":{"line":10,"column":2}},{"start":{"line":10,"column":2},"end":{"line":10,"column":2}}]},"2":{"line":22,"type":"switch","locations":[{"start":{"line":23,"column":6},"end":{"line":29,"column":14}},{"start":{"line":30,"column":6},"end":{"line":36,"column":14}},{"start":{"line":37,"column":6},"end":{"line":39,"column":14}},{"start":{"line":40,"column":6},"end":{"line":42,"column":14}},{"start":{"line":43,"column":6},"end":{"line":45,"column":14}}]},"3":{"line":26,"type":"if","locations":[{"start":{"line":26,"column":8},"end":{"line":26,"column":8}},{"start":{"line":26,"column":8},"end":{"line":26,"column":8}}]},"4":{"line":33,"type":"if","locations":[{"start":{"line":33,"column":8},"end":{"line":33,"column":8}},{"start":{"line":33,"column":8},"end":{"line":33,"column":8}}]}},"code":["var camelCase = require(\"lodash.camelcase\");","","function dashesCamelCase(str) {","  return str.replace(/-(\\w)/g, function(match, firstLetter) {","    return firstLetter.toUpperCase();","  });","}","","module.exports = function compileExports(result, importItemMatcher, camelCaseKeys) {","  if (!Object.keys(result.exports).length) {","    return \"\";","  }","","  var exportJs = Object.keys(result.exports).reduce(function(res, key) {","    var valueAsString = JSON.stringify(result.exports[key]);","    valueAsString = valueAsString.replace(result.importItemRegExpG, importItemMatcher);","    function addEntry(k) {","      res.push(\"\\t\" + JSON.stringify(k) + \": \" + valueAsString);","    }","","    var targetKey;","    switch(camelCaseKeys) {","      case true:","        addEntry(key);","        targetKey = camelCase(key);","        if (targetKey !== key) {","          addEntry(targetKey);","        }","        break;","      case 'dashes':","        addEntry(key);","        targetKey = dashesCamelCase(key);","        if (targetKey !== key) {","          addEntry(targetKey);","        }","        break;","      case 'only':","        addEntry(camelCase(key));","        break;","      case 'dashesOnly':","        addEntry(dashesCamelCase(key));","        break;","      default:","        addEntry(key);","        break;","    }","    return res;","  }, []).join(\",\\n\");","","  return \"{\\n\" + exportJs + \"\\n}\";","};",""],"l":{"1":1,"3":1,"4":0,"5":0,"9":1,"10":0,"11":0,"14":0,"15":0,"16":0,"17":1,"18":0,"21":0,"22":0,"24":0,"25":0,"26":0,"27":0,"29":0,"31":0,"32":0,"33":0,"34":0,"36":0,"38":0,"39":0,"41":0,"42":0,"44":0,"45":0,"47":0,"50":0}},"/home/travis/build/npmtest/node-npmtest-css-loader/css-loader/lib/createResolver.js":{"path":"/home/travis/build/npmtest/node-npmtest-css-loader/css-loader/lib/createResolver.js","s":{"1":1,"2":0,"3":0,"4":0,"5":0,"6":0,"7":0,"8":0,"9":0,"10":0,"11":0,"12":0,"13":0,"14":0,"15":0,"16":0,"17":0,"18":0,"19":0,"20":0},"b":{"1":[0,0],"2":[0,0],"3":[0,0],"4":[0,0],"5":[0,0],"6":[0,0,0]},"f":{"1":0,"2":0,"3":0,"4":0,"5":0},"fnMap":{"1":{"name":"createResolver","line":1,"loc":{"start":{"line":1,"column":17},"end":{"line":1,"column":48}}},"2":{"name":"(anonymous_2)","line":3,"loc":{"start":{"line":3,"column":9},"end":{"line":3,"column":23}}},"3":{"name":"(anonymous_3)","line":8,"loc":{"start":{"line":8,"column":32},"end":{"line":8,"column":46}}},"4":{"name":"(anonymous_4)","line":27,"loc":{"start":{"line":27,"column":8},"end":{"line":27,"column":22}}},"5":{"name":"(anonymous_5)","line":28,"loc":{"start":{"line":28,"column":16},"end":{"line":28,"column":30}}}},"statementMap":{"1":{"start":{"line":1,"column":0},"end":{"line":36,"column":1}},"2":{"start":{"line":2,"column":1},"end":{"line":6,"column":2}},"3":{"start":{"line":3,"column":2},"end":{"line":5,"column":4}},"4":{"start":{"line":4,"column":3},"end":{"line":4,"column":13}},"5":{"start":{"line":8,"column":1},"end":{"line":25,"column":4}},"6":{"start":{"line":9,"column":2},"end":{"line":9,"column":25}},"7":{"start":{"line":10,"column":2},"end":{"line":10,"column":23}},"8":{"start":{"line":11,"column":2},"end":{"line":14,"column":3}},"9":{"start":{"line":12,"column":3},"end":{"line":12,"column":21}},"10":{"start":{"line":13,"column":3},"end":{"line":13,"column":39}},"11":{"start":{"line":15,"column":2},"end":{"line":19,"column":3}},"12":{"start":{"line":16,"column":3},"end":{"line":18,"column":5}},"13":{"start":{"line":20,"column":2},"end":{"line":23,"column":10}},"14":{"start":{"line":24,"column":2},"end":{"line":24,"column":13}},"15":{"start":{"line":27,"column":1},"end":{"line":35,"column":2}},"16":{"start":{"line":28,"column":2},"end":{"line":33,"column":5}},"17":{"start":{"line":29,"column":3},"end":{"line":29,"column":23}},"18":{"start":{"line":30,"column":3},"end":{"line":32,"column":4}},"19":{"start":{"line":31,"column":4},"end":{"line":31,"column":46}},"20":{"start":{"line":34,"column":2},"end":{"line":34,"column":13}}},"branchMap":{"1":{"line":2,"type":"if","locations":[{"start":{"line":2,"column":1},"end":{"line":2,"column":1}},{"start":{"line":2,"column":1},"end":{"line":2,"column":1}}]},"2":{"line":2,"type":"binary-expr","locations":[{"start":{"line":2,"column":4},"end":{"line":2,"column":29}},{"start":{"line":2,"column":33},"end":{"line":2,"column":53}}]},"3":{"line":11,"type":"if","locations":[{"start":{"line":11,"column":2},"end":{"line":11,"column":2}},{"start":{"line":11,"column":2},"end":{"line":11,"column":2}}]},"4":{"line":15,"type":"if","locations":[{"start":{"line":15,"column":2},"end":{"line":15,"column":2}},{"start":{"line":15,"column":2},"end":{"line":15,"column":2}}]},"5":{"line":30,"type":"if","locations":[{"start":{"line":30,"column":3},"end":{"line":30,"column":3}},{"start":{"line":30,"column":3},"end":{"line":30,"column":3}}]},"6":{"line":30,"type":"binary-expr","locations":[{"start":{"line":30,"column":6},"end":{"line":30,"column":18}},{"start":{"line":30,"column":23},"end":{"line":30,"column":38}},{"start":{"line":30,"column":42},"end":{"line":30,"column":68}}]}},"code":["module.exports = function createResolver(alias) {","\tif(typeof alias !== \"object\" || Array.isArray(alias)) {","\t\treturn function(url) {","\t\t\treturn url","\t\t};","\t}","","\talias = Object.keys(alias).map(function(key) {","\t\tvar onlyModule = false;","\t\tvar obj = alias[key];","\t\tif(/\\$$/.test(key)) {","\t\t\tonlyModule = true;","\t\t\tkey = key.substr(0, key.length - 1);","\t\t}","\t\tif(typeof obj === \"string\") {","\t\t\tobj = {","\t\t\t\talias: obj","\t\t\t};","\t\t}","\t\tobj = Object.assign({","\t\t\tname: key,","\t\t\tonlyModule: onlyModule","\t\t}, obj);","\t\treturn obj;","\t});","","\treturn function(url) {","\t\talias.forEach(function(obj) {","\t\t\tvar name = obj.name;","\t\t\tif(url === name || (!obj.onlyModule && url.startsWith(name + \"/\"))) {","\t\t\t\turl = obj.alias + url.substr(name.length);","\t\t\t}","\t\t});","\t\treturn url;","\t}","}",""],"l":{"1":1,"2":0,"3":0,"4":0,"8":0,"9":0,"10":0,"11":0,"12":0,"13":0,"15":0,"16":0,"20":0,"24":0,"27":0,"28":0,"29":0,"30":0,"31":0,"34":0}}}